<?xml version="1.0" encoding="UTF-8"?>
<testsuites>
  <testsuite name="homepage_content_test" timestamp="2018-05-15T20:12:14" time="19.778" tests="0" failures="0" errors="0" skipped="0">
    <properties>
      <property name="specId" value="57b09b936558ff7029b55bf0a550efcc"/>
      <property name="suiteName" value="homepage content test"/>
      <property name="capabilities" value="firefox.latest.windows10"/>
      <property name="file" value="./test/homepagecontenttest1.e2e.js"/>
    </properties>
  </testsuite>
  <testsuite name="failing_JS_test" timestamp="2018-05-15T20:12:14" time="19.778" tests="4" failures="0" errors="0" skipped="0">
    <properties>
      <property name="specId" value="57b09b936558ff7029b55bf0a550efcc"/>
      <property name="suiteName" value="failing JS test"/>
      <property name="capabilities" value="firefox.latest.windows10"/>
      <property name="file" value="./test/homepagecontenttest1.e2e.js"/>
    </properties>
    <testcase classname="firefox.latest.windows10.failing_JS_test" name="should_have_opened_correct_page" time="0.129">
      <system-out>
        <![CDATA[
COMMAND: POST https://ondemand.saucelabs.com:443/wd/hub/session/14102797f1f345648031b9ebbc149ada/execute - {"script":"sauce:context=failing JS test - should have opened correct page","args":[]}
RESULT: {"status":0,"sessionId":"14102797f1f345648031b9ebbc149ada","value":""}
COMMAND: GET https://ondemand.saucelabs.com:443/wd/hub/session/14102797f1f345648031b9ebbc149ada/title - {}
RESULT: {"status":0,"sessionId":"14102797f1f345648031b9ebbc149ada","value":"Jumbotron Template for Bootstrap","state":"success","hCode":22265231,"class":"org.openqa.selenium.remote.Response"}
]]>
      </system-out>
    </testcase>
    <testcase classname="firefox.latest.windows10.failing_JS_test" name="should_open_modal" time="1.682">
      <system-out>
        <![CDATA[
COMMAND: POST https://ondemand.saucelabs.com:443/wd/hub/session/14102797f1f345648031b9ebbc149ada/execute - {"script":"sauce:context=failing JS test - should open modal","args":[]}
RESULT: {"status":0,"sessionId":"14102797f1f345648031b9ebbc149ada","value":""}
COMMAND: POST https://ondemand.saucelabs.com:443/wd/hub/session/14102797f1f345648031b9ebbc149ada/element - {"using":"id","value":"modal"}
RESULT: {"status":0,"sessionId":"14102797f1f345648031b9ebbc149ada","value":{"ELEMENT":"0"},"state":"success","hCode":3151752,"class":"org.openqa.selenium.remote.Response"}
COMMAND: POST https://ondemand.saucelabs.com:443/wd/hub/session/14102797f1f345648031b9ebbc149ada/element/0/click - {}
RESULT: {"status":0,"sessionId":"14102797f1f345648031b9ebbc149ada","value":null,"state":"success","hCode":12388802,"class":"org.openqa.selenium.remote.Response"}
COMMAND: POST https://ondemand.saucelabs.com:443/wd/hub/session/14102797f1f345648031b9ebbc149ada/element - {"using":"id","value":"exampleModalLong"}
RESULT: {"status":0,"sessionId":"14102797f1f345648031b9ebbc149ada","value":{"ELEMENT":"1"},"state":"success","hCode":14779911,"class":"org.openqa.selenium.remote.Response"}
COMMAND: POST https://ondemand.saucelabs.com:443/wd/hub/session/14102797f1f345648031b9ebbc149ada/elements - {"using":"id","value":"exampleModalLong"}
RESULT: {"status":0,"sessionId":"14102797f1f345648031b9ebbc149ada","value":[{"ELEMENT":"1"}],"state":"success","hCode":22462046,"class":"org.openqa.selenium.remote.Response"}
COMMAND: GET https://ondemand.saucelabs.com:443/wd/hub/session/14102797f1f345648031b9ebbc149ada/element/1/displayed - {}
RESULT: {"status":0,"sessionId":"14102797f1f345648031b9ebbc149ada","value":true,"state":"success","hCode":26451997,"class":"org.openqa.selenium.remote.Response"}
COMMAND: POST https://ondemand.saucelabs.com:443/wd/hub/session/14102797f1f345648031b9ebbc149ada/element - {"using":"id","value":"exampleModalLong"}
RESULT: {"status":0,"sessionId":"14102797f1f345648031b9ebbc149ada","value":{"ELEMENT":"1"},"state":"success","hCode":1708644,"class":"org.openqa.selenium.remote.Response"}
COMMAND: GET https://ondemand.saucelabs.com:443/wd/hub/session/14102797f1f345648031b9ebbc149ada/element/1/displayed - {}
RESULT: {"status":0,"sessionId":"14102797f1f345648031b9ebbc149ada","value":true,"state":"success","hCode":3314091,"class":"org.openqa.selenium.remote.Response"}
COMMAND: POST https://ondemand.saucelabs.com:443/wd/hub/session/14102797f1f345648031b9ebbc149ada/element - {"using":"css selector","value":"#exampleModalLong .modal-body"}
RESULT: {"status":0,"sessionId":"14102797f1f345648031b9ebbc149ada","value":{"ELEMENT":"2"},"state":"success","hCode":18647630,"class":"org.openqa.selenium.remote.Response"}
COMMAND: GET https://ondemand.saucelabs.com:443/wd/hub/session/14102797f1f345648031b9ebbc149ada/element/2/text - {}
RESULT: {"status":0,"sessionId":"14102797f1f345648031b9ebbc149ada","value":"Hello There","state":"success","hCode":16973966,"class":"org.openqa.selenium.remote.Response"}
]]>
      </system-out>
    </testcase>
    <testcase classname="firefox.latest.windows10.failing_JS_test" name="should_close_modal" time="1.183">
      <system-out>
        <![CDATA[
COMMAND: POST https://ondemand.saucelabs.com:443/wd/hub/session/14102797f1f345648031b9ebbc149ada/execute - {"script":"sauce:context=failing JS test - should close modal","args":[]}
RESULT: {"status":0,"sessionId":"14102797f1f345648031b9ebbc149ada","value":""}
COMMAND: POST https://ondemand.saucelabs.com:443/wd/hub/session/14102797f1f345648031b9ebbc149ada/element - {"using":"id","value":"closeit"}
RESULT: {"status":0,"sessionId":"14102797f1f345648031b9ebbc149ada","value":{"ELEMENT":"3"},"state":"success","hCode":22390716,"class":"org.openqa.selenium.remote.Response"}
COMMAND: POST https://ondemand.saucelabs.com:443/wd/hub/session/14102797f1f345648031b9ebbc149ada/element/3/click - {}
RESULT: {"status":0,"sessionId":"14102797f1f345648031b9ebbc149ada","value":null,"state":"success","hCode":16861320,"class":"org.openqa.selenium.remote.Response"}
COMMAND: POST https://ondemand.saucelabs.com:443/wd/hub/session/14102797f1f345648031b9ebbc149ada/element - {"using":"id","value":"closeit"}
RESULT: {"status":0,"sessionId":"14102797f1f345648031b9ebbc149ada","value":{"ELEMENT":"3"},"state":"success","hCode":4062787,"class":"org.openqa.selenium.remote.Response"}
COMMAND: POST https://ondemand.saucelabs.com:443/wd/hub/session/14102797f1f345648031b9ebbc149ada/elements - {"using":"id","value":"closeit"}
RESULT: {"status":0,"sessionId":"14102797f1f345648031b9ebbc149ada","value":[{"ELEMENT":"3"}],"state":"success","hCode":17371677,"class":"org.openqa.selenium.remote.Response"}
COMMAND: GET https://ondemand.saucelabs.com:443/wd/hub/session/14102797f1f345648031b9ebbc149ada/element/3/displayed - {}
RESULT: {"status":0,"sessionId":"14102797f1f345648031b9ebbc149ada","value":false,"state":"success","hCode":20642708,"class":"org.openqa.selenium.remote.Response"}
]]>
      </system-out>
    </testcase>
    <testcase classname="firefox.latest.windows10.failing_JS_test" name="wait_15_seconds" time="15.054">
      <system-out>
        <![CDATA[
COMMAND: POST https://ondemand.saucelabs.com:443/wd/hub/session/14102797f1f345648031b9ebbc149ada/execute - {"script":"sauce:context=failing JS test - wait 15 seconds","args":[]}
RESULT: {"status":0,"sessionId":"14102797f1f345648031b9ebbc149ada","value":""}
COMMAND: DELETE https://ondemand.saucelabs.com:443/wd/hub/session/14102797f1f345648031b9ebbc149ada - {}
RESULT: {"status":0,"sessionId":"14102797f1f345648031b9ebbc149ada","value":""}
]]>
      </system-out>
    </testcase>
  </testsuite>
</testsuites>