<?xml version="1.0" encoding="UTF-8"?>
<testsuites>
  <testsuite name="header_test" timestamp="2018-05-15T21:53:58" time="19.06" tests="0" failures="0" errors="0" skipped="0">
    <properties>
      <property name="specId" value="11b20b9c64f4a1f645715bbfe6413ed2"/>
      <property name="suiteName" value="header test"/>
      <property name="capabilities" value="chrome.latest-2.windows10"/>
      <property name="file" value="./test/headertest.e2e.js"/>
    </properties>
  </testsuite>
  <testsuite name="failing_JS_test" timestamp="2018-05-15T21:53:58" time="19.06" tests="4" failures="0" errors="0" skipped="0">
    <properties>
      <property name="specId" value="11b20b9c64f4a1f645715bbfe6413ed2"/>
      <property name="suiteName" value="failing JS test"/>
      <property name="capabilities" value="chrome.latest-2.windows10"/>
      <property name="file" value="./test/headertest.e2e.js"/>
    </properties>
    <testcase classname="chrome.latest-2.windows10.failing_JS_test" name="should_have_opened_correct_page" time="0.13">
      <system-out>
        <![CDATA[
COMMAND: POST https://ondemand.saucelabs.com:443/wd/hub/session/9dc222d750ef4076bb2bcf556b6d0eee/execute - {"script":"sauce:context=failing JS test - should have opened correct page","args":[]}
RESULT: {"status":0,"sessionId":"9dc222d750ef4076bb2bcf556b6d0eee","value":""}
COMMAND: GET https://ondemand.saucelabs.com:443/wd/hub/session/9dc222d750ef4076bb2bcf556b6d0eee/title - {}
RESULT: {"status":0,"sessionId":"9dc222d750ef4076bb2bcf556b6d0eee","value":"Jumbotron Template for Bootstrap"}
]]>
      </system-out>
    </testcase>
    <testcase classname="chrome.latest-2.windows10.failing_JS_test" name="should_open_modal" time="1.604">
      <system-out>
        <![CDATA[
COMMAND: POST https://ondemand.saucelabs.com:443/wd/hub/session/9dc222d750ef4076bb2bcf556b6d0eee/execute - {"script":"sauce:context=failing JS test - should open modal","args":[]}
RESULT: {"status":0,"sessionId":"9dc222d750ef4076bb2bcf556b6d0eee","value":""}
COMMAND: POST https://ondemand.saucelabs.com:443/wd/hub/session/9dc222d750ef4076bb2bcf556b6d0eee/element - {"using":"id","value":"modal"}
RESULT: {"status":0,"sessionId":"9dc222d750ef4076bb2bcf556b6d0eee","value":{"ELEMENT":"0.18718868172095626-1"}}
COMMAND: POST https://ondemand.saucelabs.com:443/wd/hub/session/9dc222d750ef4076bb2bcf556b6d0eee/element/0.18718868172095626-1/click - {}
RESULT: {"status":0,"sessionId":"9dc222d750ef4076bb2bcf556b6d0eee","value":null}
COMMAND: POST https://ondemand.saucelabs.com:443/wd/hub/session/9dc222d750ef4076bb2bcf556b6d0eee/element - {"using":"id","value":"exampleModalLong"}
RESULT: {"status":0,"sessionId":"9dc222d750ef4076bb2bcf556b6d0eee","value":{"ELEMENT":"0.18718868172095626-2"}}
COMMAND: POST https://ondemand.saucelabs.com:443/wd/hub/session/9dc222d750ef4076bb2bcf556b6d0eee/elements - {"using":"id","value":"exampleModalLong"}
RESULT: {"status":0,"sessionId":"9dc222d750ef4076bb2bcf556b6d0eee","value":[{"ELEMENT":"0.18718868172095626-2"}]}
COMMAND: GET https://ondemand.saucelabs.com:443/wd/hub/session/9dc222d750ef4076bb2bcf556b6d0eee/element/0.18718868172095626-2/displayed - {}
RESULT: {"status":0,"sessionId":"9dc222d750ef4076bb2bcf556b6d0eee","value":true}
COMMAND: POST https://ondemand.saucelabs.com:443/wd/hub/session/9dc222d750ef4076bb2bcf556b6d0eee/element - {"using":"id","value":"exampleModalLong"}
RESULT: {"status":0,"sessionId":"9dc222d750ef4076bb2bcf556b6d0eee","value":{"ELEMENT":"0.18718868172095626-2"}}
COMMAND: GET https://ondemand.saucelabs.com:443/wd/hub/session/9dc222d750ef4076bb2bcf556b6d0eee/element/0.18718868172095626-2/displayed - {}
RESULT: {"status":0,"sessionId":"9dc222d750ef4076bb2bcf556b6d0eee","value":true}
COMMAND: POST https://ondemand.saucelabs.com:443/wd/hub/session/9dc222d750ef4076bb2bcf556b6d0eee/element - {"using":"css selector","value":"#exampleModalLong .modal-body"}
RESULT: {"status":0,"sessionId":"9dc222d750ef4076bb2bcf556b6d0eee","value":{"ELEMENT":"0.18718868172095626-3"}}
COMMAND: GET https://ondemand.saucelabs.com:443/wd/hub/session/9dc222d750ef4076bb2bcf556b6d0eee/element/0.18718868172095626-3/text - {}
RESULT: {"status":0,"sessionId":"9dc222d750ef4076bb2bcf556b6d0eee","value":"Hello There"}
]]>
      </system-out>
    </testcase>
    <testcase classname="chrome.latest-2.windows10.failing_JS_test" name="should_close_modal" time="0.99">
      <system-out>
        <![CDATA[
COMMAND: POST https://ondemand.saucelabs.com:443/wd/hub/session/9dc222d750ef4076bb2bcf556b6d0eee/execute - {"script":"sauce:context=failing JS test - should close modal","args":[]}
RESULT: {"status":0,"sessionId":"9dc222d750ef4076bb2bcf556b6d0eee","value":""}
COMMAND: POST https://ondemand.saucelabs.com:443/wd/hub/session/9dc222d750ef4076bb2bcf556b6d0eee/element - {"using":"id","value":"closeit"}
RESULT: {"status":0,"sessionId":"9dc222d750ef4076bb2bcf556b6d0eee","value":{"ELEMENT":"0.18718868172095626-4"}}
COMMAND: POST https://ondemand.saucelabs.com:443/wd/hub/session/9dc222d750ef4076bb2bcf556b6d0eee/element/0.18718868172095626-4/click - {}
RESULT: {"status":0,"sessionId":"9dc222d750ef4076bb2bcf556b6d0eee","value":null}
COMMAND: POST https://ondemand.saucelabs.com:443/wd/hub/session/9dc222d750ef4076bb2bcf556b6d0eee/element - {"using":"id","value":"closeit"}
RESULT: {"status":0,"sessionId":"9dc222d750ef4076bb2bcf556b6d0eee","value":{"ELEMENT":"0.18718868172095626-4"}}
COMMAND: POST https://ondemand.saucelabs.com:443/wd/hub/session/9dc222d750ef4076bb2bcf556b6d0eee/elements - {"using":"id","value":"closeit"}
RESULT: {"status":0,"sessionId":"9dc222d750ef4076bb2bcf556b6d0eee","value":[{"ELEMENT":"0.18718868172095626-4"}]}
COMMAND: GET https://ondemand.saucelabs.com:443/wd/hub/session/9dc222d750ef4076bb2bcf556b6d0eee/element/0.18718868172095626-4/displayed - {}
RESULT: {"status":0,"sessionId":"9dc222d750ef4076bb2bcf556b6d0eee","value":false}
]]>
      </system-out>
    </testcase>
    <testcase classname="chrome.latest-2.windows10.failing_JS_test" name="wait_15_seconds" time="15.049">
      <system-out>
        <![CDATA[
COMMAND: POST https://ondemand.saucelabs.com:443/wd/hub/session/9dc222d750ef4076bb2bcf556b6d0eee/execute - {"script":"sauce:context=failing JS test - wait 15 seconds","args":[]}
RESULT: {"status":0,"sessionId":"9dc222d750ef4076bb2bcf556b6d0eee","value":""}
COMMAND: DELETE https://ondemand.saucelabs.com:443/wd/hub/session/9dc222d750ef4076bb2bcf556b6d0eee - {}
RESULT: {"status":0,"sessionId":"9dc222d750ef4076bb2bcf556b6d0eee","value":""}
]]>
      </system-out>
    </testcase>
  </testsuite>
</testsuites>