<?xml version="1.0" encoding="UTF-8"?>
<testsuites>
  <testsuite name="homepage_content_test" timestamp="2018-05-15T21:54:03" time="18.702" tests="0" failures="0" errors="0" skipped="0">
    <properties>
      <property name="specId" value="57b09b936558ff7029b55bf0a550efcc"/>
      <property name="suiteName" value="homepage content test"/>
      <property name="capabilities" value="chrome.latest-4.windows10"/>
      <property name="file" value="./test/homepagecontenttest1.e2e.js"/>
    </properties>
  </testsuite>
  <testsuite name="failing_JS_test" timestamp="2018-05-15T21:54:03" time="18.701" tests="4" failures="0" errors="0" skipped="0">
    <properties>
      <property name="specId" value="57b09b936558ff7029b55bf0a550efcc"/>
      <property name="suiteName" value="failing JS test"/>
      <property name="capabilities" value="chrome.latest-4.windows10"/>
      <property name="file" value="./test/homepagecontenttest1.e2e.js"/>
    </properties>
    <testcase classname="chrome.latest-4.windows10.failing_JS_test" name="should_have_opened_correct_page" time="0.158">
      <system-out>
        <![CDATA[
COMMAND: POST https://ondemand.saucelabs.com:443/wd/hub/session/6db55f2f1aad4d659e4000f0dafcc32a/execute - {"script":"sauce:context=failing JS test - should have opened correct page","args":[]}
RESULT: {"status":0,"sessionId":"6db55f2f1aad4d659e4000f0dafcc32a","value":""}
COMMAND: GET https://ondemand.saucelabs.com:443/wd/hub/session/6db55f2f1aad4d659e4000f0dafcc32a/title - {}
RESULT: {"status":0,"sessionId":"6db55f2f1aad4d659e4000f0dafcc32a","value":"Jumbotron Template for Bootstrap"}
]]>
      </system-out>
    </testcase>
    <testcase classname="chrome.latest-4.windows10.failing_JS_test" name="should_open_modal" time="1.448">
      <system-out>
        <![CDATA[
COMMAND: POST https://ondemand.saucelabs.com:443/wd/hub/session/6db55f2f1aad4d659e4000f0dafcc32a/execute - {"script":"sauce:context=failing JS test - should open modal","args":[]}
RESULT: {"status":0,"sessionId":"6db55f2f1aad4d659e4000f0dafcc32a","value":""}
COMMAND: POST https://ondemand.saucelabs.com:443/wd/hub/session/6db55f2f1aad4d659e4000f0dafcc32a/element - {"using":"id","value":"modal"}
RESULT: {"status":0,"sessionId":"6db55f2f1aad4d659e4000f0dafcc32a","value":{"ELEMENT":"0.6109323303508685-1"}}
COMMAND: POST https://ondemand.saucelabs.com:443/wd/hub/session/6db55f2f1aad4d659e4000f0dafcc32a/element/0.6109323303508685-1/click - {}
RESULT: {"status":0,"sessionId":"6db55f2f1aad4d659e4000f0dafcc32a","value":null}
COMMAND: POST https://ondemand.saucelabs.com:443/wd/hub/session/6db55f2f1aad4d659e4000f0dafcc32a/element - {"using":"id","value":"exampleModalLong"}
RESULT: {"status":0,"sessionId":"6db55f2f1aad4d659e4000f0dafcc32a","value":{"ELEMENT":"0.6109323303508685-2"}}
COMMAND: POST https://ondemand.saucelabs.com:443/wd/hub/session/6db55f2f1aad4d659e4000f0dafcc32a/elements - {"using":"id","value":"exampleModalLong"}
RESULT: {"status":0,"sessionId":"6db55f2f1aad4d659e4000f0dafcc32a","value":[{"ELEMENT":"0.6109323303508685-2"}]}
COMMAND: GET https://ondemand.saucelabs.com:443/wd/hub/session/6db55f2f1aad4d659e4000f0dafcc32a/element/0.6109323303508685-2/displayed - {}
RESULT: {"status":0,"sessionId":"6db55f2f1aad4d659e4000f0dafcc32a","value":true}
COMMAND: POST https://ondemand.saucelabs.com:443/wd/hub/session/6db55f2f1aad4d659e4000f0dafcc32a/element - {"using":"id","value":"exampleModalLong"}
RESULT: {"status":0,"sessionId":"6db55f2f1aad4d659e4000f0dafcc32a","value":{"ELEMENT":"0.6109323303508685-2"}}
COMMAND: GET https://ondemand.saucelabs.com:443/wd/hub/session/6db55f2f1aad4d659e4000f0dafcc32a/element/0.6109323303508685-2/displayed - {}
RESULT: {"status":0,"sessionId":"6db55f2f1aad4d659e4000f0dafcc32a","value":true}
COMMAND: POST https://ondemand.saucelabs.com:443/wd/hub/session/6db55f2f1aad4d659e4000f0dafcc32a/element - {"using":"css selector","value":"#exampleModalLong .modal-body"}
RESULT: {"status":0,"sessionId":"6db55f2f1aad4d659e4000f0dafcc32a","value":{"ELEMENT":"0.6109323303508685-3"}}
COMMAND: GET https://ondemand.saucelabs.com:443/wd/hub/session/6db55f2f1aad4d659e4000f0dafcc32a/element/0.6109323303508685-3/text - {}
RESULT: {"status":0,"sessionId":"6db55f2f1aad4d659e4000f0dafcc32a","value":"Hello There"}
]]>
      </system-out>
    </testcase>
    <testcase classname="chrome.latest-4.windows10.failing_JS_test" name="should_close_modal" time="0.863">
      <system-out>
        <![CDATA[
COMMAND: POST https://ondemand.saucelabs.com:443/wd/hub/session/6db55f2f1aad4d659e4000f0dafcc32a/execute - {"script":"sauce:context=failing JS test - should close modal","args":[]}
RESULT: {"status":0,"sessionId":"6db55f2f1aad4d659e4000f0dafcc32a","value":""}
COMMAND: POST https://ondemand.saucelabs.com:443/wd/hub/session/6db55f2f1aad4d659e4000f0dafcc32a/element - {"using":"id","value":"closeit"}
RESULT: {"status":0,"sessionId":"6db55f2f1aad4d659e4000f0dafcc32a","value":{"ELEMENT":"0.6109323303508685-4"}}
COMMAND: POST https://ondemand.saucelabs.com:443/wd/hub/session/6db55f2f1aad4d659e4000f0dafcc32a/element/0.6109323303508685-4/click - {}
RESULT: {"status":0,"sessionId":"6db55f2f1aad4d659e4000f0dafcc32a","value":null}
COMMAND: POST https://ondemand.saucelabs.com:443/wd/hub/session/6db55f2f1aad4d659e4000f0dafcc32a/element - {"using":"id","value":"closeit"}
RESULT: {"status":0,"sessionId":"6db55f2f1aad4d659e4000f0dafcc32a","value":{"ELEMENT":"0.6109323303508685-4"}}
COMMAND: POST https://ondemand.saucelabs.com:443/wd/hub/session/6db55f2f1aad4d659e4000f0dafcc32a/elements - {"using":"id","value":"closeit"}
RESULT: {"status":0,"sessionId":"6db55f2f1aad4d659e4000f0dafcc32a","value":[{"ELEMENT":"0.6109323303508685-4"}]}
COMMAND: GET https://ondemand.saucelabs.com:443/wd/hub/session/6db55f2f1aad4d659e4000f0dafcc32a/element/0.6109323303508685-4/displayed - {}
RESULT: {"status":0,"sessionId":"6db55f2f1aad4d659e4000f0dafcc32a","value":false}
]]>
      </system-out>
    </testcase>
    <testcase classname="chrome.latest-4.windows10.failing_JS_test" name="wait_15_seconds" time="15.046">
      <system-out>
        <![CDATA[
COMMAND: POST https://ondemand.saucelabs.com:443/wd/hub/session/6db55f2f1aad4d659e4000f0dafcc32a/execute - {"script":"sauce:context=failing JS test - wait 15 seconds","args":[]}
RESULT: {"status":0,"sessionId":"6db55f2f1aad4d659e4000f0dafcc32a","value":""}
COMMAND: DELETE https://ondemand.saucelabs.com:443/wd/hub/session/6db55f2f1aad4d659e4000f0dafcc32a - {}
RESULT: {"status":0,"sessionId":"6db55f2f1aad4d659e4000f0dafcc32a","value":""}
]]>
      </system-out>
    </testcase>
  </testsuite>
</testsuites>