<?xml version="1.0" encoding="UTF-8"?>
<testsuites>
  <testsuite name="homepage_content_test" timestamp="2018-05-15T21:54:04" time="19.237" tests="0" failures="0" errors="0" skipped="0">
    <properties>
      <property name="specId" value="740afd145ce633ebc675bd2366ce59d7"/>
      <property name="suiteName" value="homepage content test"/>
      <property name="capabilities" value="chrome.latest-1.windows10"/>
      <property name="file" value="./test/homepagecontenttest.e2e.js"/>
    </properties>
  </testsuite>
  <testsuite name="failing_JS_test" timestamp="2018-05-15T21:54:04" time="19.237" tests="4" failures="0" errors="0" skipped="0">
    <properties>
      <property name="specId" value="740afd145ce633ebc675bd2366ce59d7"/>
      <property name="suiteName" value="failing JS test"/>
      <property name="capabilities" value="chrome.latest-1.windows10"/>
      <property name="file" value="./test/homepagecontenttest.e2e.js"/>
    </properties>
    <testcase classname="chrome.latest-1.windows10.failing_JS_test" name="should_have_opened_correct_page" time="0.141">
      <system-out>
        <![CDATA[
COMMAND: POST https://ondemand.saucelabs.com:443/wd/hub/session/7d8b0ea9fd294a0e952ebef3cea64655/execute - {"script":"sauce:context=failing JS test - should have opened correct page","args":[]}
RESULT: {"status":0,"sessionId":"7d8b0ea9fd294a0e952ebef3cea64655","value":""}
COMMAND: GET https://ondemand.saucelabs.com:443/wd/hub/session/7d8b0ea9fd294a0e952ebef3cea64655/title - {}
RESULT: {"status":0,"sessionId":"7d8b0ea9fd294a0e952ebef3cea64655","value":"Jumbotron Template for Bootstrap"}
]]>
      </system-out>
    </testcase>
    <testcase classname="chrome.latest-1.windows10.failing_JS_test" name="should_open_modal" time="1.349">
      <system-out>
        <![CDATA[
COMMAND: POST https://ondemand.saucelabs.com:443/wd/hub/session/7d8b0ea9fd294a0e952ebef3cea64655/execute - {"script":"sauce:context=failing JS test - should open modal","args":[]}
RESULT: {"status":0,"sessionId":"7d8b0ea9fd294a0e952ebef3cea64655","value":""}
COMMAND: POST https://ondemand.saucelabs.com:443/wd/hub/session/7d8b0ea9fd294a0e952ebef3cea64655/element - {"using":"id","value":"modal"}
RESULT: {"status":0,"sessionId":"7d8b0ea9fd294a0e952ebef3cea64655","value":{"ELEMENT":"0.27424508138780523-1"}}
COMMAND: POST https://ondemand.saucelabs.com:443/wd/hub/session/7d8b0ea9fd294a0e952ebef3cea64655/element/0.27424508138780523-1/click - {}
RESULT: {"status":0,"sessionId":"7d8b0ea9fd294a0e952ebef3cea64655","value":null}
COMMAND: POST https://ondemand.saucelabs.com:443/wd/hub/session/7d8b0ea9fd294a0e952ebef3cea64655/element - {"using":"id","value":"exampleModalLong"}
RESULT: {"status":0,"sessionId":"7d8b0ea9fd294a0e952ebef3cea64655","value":{"ELEMENT":"0.27424508138780523-2"}}
COMMAND: POST https://ondemand.saucelabs.com:443/wd/hub/session/7d8b0ea9fd294a0e952ebef3cea64655/elements - {"using":"id","value":"exampleModalLong"}
RESULT: {"status":0,"sessionId":"7d8b0ea9fd294a0e952ebef3cea64655","value":[{"ELEMENT":"0.27424508138780523-2"}]}
COMMAND: GET https://ondemand.saucelabs.com:443/wd/hub/session/7d8b0ea9fd294a0e952ebef3cea64655/element/0.27424508138780523-2/displayed - {}
RESULT: {"status":0,"sessionId":"7d8b0ea9fd294a0e952ebef3cea64655","value":true}
COMMAND: POST https://ondemand.saucelabs.com:443/wd/hub/session/7d8b0ea9fd294a0e952ebef3cea64655/element - {"using":"id","value":"exampleModalLong"}
RESULT: {"status":0,"sessionId":"7d8b0ea9fd294a0e952ebef3cea64655","value":{"ELEMENT":"0.27424508138780523-2"}}
COMMAND: GET https://ondemand.saucelabs.com:443/wd/hub/session/7d8b0ea9fd294a0e952ebef3cea64655/element/0.27424508138780523-2/displayed - {}
RESULT: {"status":0,"sessionId":"7d8b0ea9fd294a0e952ebef3cea64655","value":true}
COMMAND: POST https://ondemand.saucelabs.com:443/wd/hub/session/7d8b0ea9fd294a0e952ebef3cea64655/element - {"using":"css selector","value":"#exampleModalLong .modal-body"}
RESULT: {"status":0,"sessionId":"7d8b0ea9fd294a0e952ebef3cea64655","value":{"ELEMENT":"0.27424508138780523-3"}}
COMMAND: GET https://ondemand.saucelabs.com:443/wd/hub/session/7d8b0ea9fd294a0e952ebef3cea64655/element/0.27424508138780523-3/text - {}
RESULT: {"status":0,"sessionId":"7d8b0ea9fd294a0e952ebef3cea64655","value":"Hello There"}
]]>
      </system-out>
    </testcase>
    <testcase classname="chrome.latest-1.windows10.failing_JS_test" name="should_close_modal" time="1.375">
      <system-out>
        <![CDATA[
COMMAND: POST https://ondemand.saucelabs.com:443/wd/hub/session/7d8b0ea9fd294a0e952ebef3cea64655/execute - {"script":"sauce:context=failing JS test - should close modal","args":[]}
RESULT: {"status":0,"sessionId":"7d8b0ea9fd294a0e952ebef3cea64655","value":""}
COMMAND: POST https://ondemand.saucelabs.com:443/wd/hub/session/7d8b0ea9fd294a0e952ebef3cea64655/element - {"using":"id","value":"closeit"}
RESULT: {"status":0,"sessionId":"7d8b0ea9fd294a0e952ebef3cea64655","value":{"ELEMENT":"0.27424508138780523-4"}}
COMMAND: POST https://ondemand.saucelabs.com:443/wd/hub/session/7d8b0ea9fd294a0e952ebef3cea64655/element/0.27424508138780523-4/click - {}
RESULT: {"status":0,"sessionId":"7d8b0ea9fd294a0e952ebef3cea64655","value":null}
COMMAND: POST https://ondemand.saucelabs.com:443/wd/hub/session/7d8b0ea9fd294a0e952ebef3cea64655/element - {"using":"id","value":"closeit"}
RESULT: {"status":0,"sessionId":"7d8b0ea9fd294a0e952ebef3cea64655","value":{"ELEMENT":"0.27424508138780523-4"}}
COMMAND: POST https://ondemand.saucelabs.com:443/wd/hub/session/7d8b0ea9fd294a0e952ebef3cea64655/elements - {"using":"id","value":"closeit"}
RESULT: {"status":0,"sessionId":"7d8b0ea9fd294a0e952ebef3cea64655","value":[{"ELEMENT":"0.27424508138780523-4"}]}
COMMAND: GET https://ondemand.saucelabs.com:443/wd/hub/session/7d8b0ea9fd294a0e952ebef3cea64655/element/0.27424508138780523-4/displayed - {}
RESULT: {"status":0,"sessionId":"7d8b0ea9fd294a0e952ebef3cea64655","value":false}
]]>
      </system-out>
    </testcase>
    <testcase classname="chrome.latest-1.windows10.failing_JS_test" name="wait_15_seconds" time="15.051">
      <system-out>
        <![CDATA[
COMMAND: POST https://ondemand.saucelabs.com:443/wd/hub/session/7d8b0ea9fd294a0e952ebef3cea64655/execute - {"script":"sauce:context=failing JS test - wait 15 seconds","args":[]}
RESULT: {"status":0,"sessionId":"7d8b0ea9fd294a0e952ebef3cea64655","value":""}
COMMAND: DELETE https://ondemand.saucelabs.com:443/wd/hub/session/7d8b0ea9fd294a0e952ebef3cea64655 - {}
RESULT: {"status":0,"sessionId":"7d8b0ea9fd294a0e952ebef3cea64655","value":""}
]]>
      </system-out>
    </testcase>
  </testsuite>
</testsuites>