<?xml version="1.0" encoding="UTF-8"?>
<testsuites>
  <testsuite name="site_test" timestamp="2018-05-15T20:12:41" time="3.999" tests="0" failures="0" errors="0" skipped="0">
    <properties>
      <property name="specId" value="33eb5e5e79f6b6235935a19e92bd9aa5"/>
      <property name="suiteName" value="site test"/>
      <property name="capabilities" value="firefox.latest.windows10"/>
      <property name="file" value="./test/test.e2e.js"/>
    </properties>
  </testsuite>
  <testsuite name="failing_JS_test" timestamp="2018-05-15T20:12:41" time="3.998" tests="3" failures="0" errors="0" skipped="0">
    <properties>
      <property name="specId" value="33eb5e5e79f6b6235935a19e92bd9aa5"/>
      <property name="suiteName" value="failing JS test"/>
      <property name="capabilities" value="firefox.latest.windows10"/>
      <property name="file" value="./test/test.e2e.js"/>
    </properties>
    <testcase classname="firefox.latest.windows10.failing_JS_test" name="should_have_opened_correct_page" time="0.166">
      <system-out>
        <![CDATA[
COMMAND: POST https://ondemand.saucelabs.com:443/wd/hub/session/a3d696c240554e1c952802dae3c87263/execute - {"script":"sauce:context=failing JS test - should have opened correct page","args":[]}
RESULT: {"status":0,"sessionId":"a3d696c240554e1c952802dae3c87263","value":""}
COMMAND: GET https://ondemand.saucelabs.com:443/wd/hub/session/a3d696c240554e1c952802dae3c87263/title - {}
RESULT: {"status":0,"sessionId":"a3d696c240554e1c952802dae3c87263","value":"Jumbotron Template for Bootstrap","state":"success","hCode":28454771,"class":"org.openqa.selenium.remote.Response"}
]]>
      </system-out>
    </testcase>
    <testcase classname="firefox.latest.windows10.failing_JS_test" name="should_open_modal" time="1.51">
      <system-out>
        <![CDATA[
COMMAND: POST https://ondemand.saucelabs.com:443/wd/hub/session/a3d696c240554e1c952802dae3c87263/execute - {"script":"sauce:context=failing JS test - should open modal","args":[]}
RESULT: {"status":0,"sessionId":"a3d696c240554e1c952802dae3c87263","value":""}
COMMAND: POST https://ondemand.saucelabs.com:443/wd/hub/session/a3d696c240554e1c952802dae3c87263/element - {"using":"id","value":"modal"}
RESULT: {"status":0,"sessionId":"a3d696c240554e1c952802dae3c87263","value":{"ELEMENT":"0"},"state":"success","hCode":19527794,"class":"org.openqa.selenium.remote.Response"}
COMMAND: POST https://ondemand.saucelabs.com:443/wd/hub/session/a3d696c240554e1c952802dae3c87263/element/0/click - {}
RESULT: {"status":0,"sessionId":"a3d696c240554e1c952802dae3c87263","value":null,"state":"success","hCode":7547141,"class":"org.openqa.selenium.remote.Response"}
COMMAND: POST https://ondemand.saucelabs.com:443/wd/hub/session/a3d696c240554e1c952802dae3c87263/element - {"using":"id","value":"exampleModalLong"}
RESULT: {"status":0,"sessionId":"a3d696c240554e1c952802dae3c87263","value":{"ELEMENT":"1"},"state":"success","hCode":6794916,"class":"org.openqa.selenium.remote.Response"}
COMMAND: POST https://ondemand.saucelabs.com:443/wd/hub/session/a3d696c240554e1c952802dae3c87263/elements - {"using":"id","value":"exampleModalLong"}
RESULT: {"status":0,"sessionId":"a3d696c240554e1c952802dae3c87263","value":[{"ELEMENT":"1"}],"state":"success","hCode":2363137,"class":"org.openqa.selenium.remote.Response"}
COMMAND: GET https://ondemand.saucelabs.com:443/wd/hub/session/a3d696c240554e1c952802dae3c87263/element/1/displayed - {}
RESULT: {"status":0,"sessionId":"a3d696c240554e1c952802dae3c87263","value":true,"state":"success","hCode":24782492,"class":"org.openqa.selenium.remote.Response"}
COMMAND: POST https://ondemand.saucelabs.com:443/wd/hub/session/a3d696c240554e1c952802dae3c87263/element - {"using":"id","value":"exampleModalLong"}
RESULT: {"status":0,"sessionId":"a3d696c240554e1c952802dae3c87263","value":{"ELEMENT":"1"},"state":"success","hCode":16618922,"class":"org.openqa.selenium.remote.Response"}
COMMAND: GET https://ondemand.saucelabs.com:443/wd/hub/session/a3d696c240554e1c952802dae3c87263/element/1/displayed - {}
RESULT: {"status":0,"sessionId":"a3d696c240554e1c952802dae3c87263","value":true,"state":"success","hCode":16246400,"class":"org.openqa.selenium.remote.Response"}
COMMAND: POST https://ondemand.saucelabs.com:443/wd/hub/session/a3d696c240554e1c952802dae3c87263/element - {"using":"css selector","value":"#exampleModalLong .modal-body"}
RESULT: {"status":0,"sessionId":"a3d696c240554e1c952802dae3c87263","value":{"ELEMENT":"2"},"state":"success","hCode":24065627,"class":"org.openqa.selenium.remote.Response"}
COMMAND: GET https://ondemand.saucelabs.com:443/wd/hub/session/a3d696c240554e1c952802dae3c87263/element/2/text - {}
RESULT: {"status":0,"sessionId":"a3d696c240554e1c952802dae3c87263","value":"Hello There","state":"success","hCode":26960829,"class":"org.openqa.selenium.remote.Response"}
]]>
      </system-out>
    </testcase>
    <testcase classname="firefox.latest.windows10.failing_JS_test" name="should_close_modal" time="1.052">
      <system-out>
        <![CDATA[
COMMAND: POST https://ondemand.saucelabs.com:443/wd/hub/session/a3d696c240554e1c952802dae3c87263/execute - {"script":"sauce:context=failing JS test - should close modal","args":[]}
RESULT: {"status":0,"sessionId":"a3d696c240554e1c952802dae3c87263","value":""}
COMMAND: POST https://ondemand.saucelabs.com:443/wd/hub/session/a3d696c240554e1c952802dae3c87263/element - {"using":"id","value":"closeit"}
RESULT: {"status":0,"sessionId":"a3d696c240554e1c952802dae3c87263","value":{"ELEMENT":"3"},"state":"success","hCode":12988355,"class":"org.openqa.selenium.remote.Response"}
COMMAND: POST https://ondemand.saucelabs.com:443/wd/hub/session/a3d696c240554e1c952802dae3c87263/element/3/click - {}
RESULT: {"status":0,"sessionId":"a3d696c240554e1c952802dae3c87263","value":null,"state":"success","hCode":19242984,"class":"org.openqa.selenium.remote.Response"}
COMMAND: POST https://ondemand.saucelabs.com:443/wd/hub/session/a3d696c240554e1c952802dae3c87263/element - {"using":"id","value":"closeit"}
RESULT: {"status":0,"sessionId":"a3d696c240554e1c952802dae3c87263","value":{"ELEMENT":"3"},"state":"success","hCode":26328523,"class":"org.openqa.selenium.remote.Response"}
COMMAND: POST https://ondemand.saucelabs.com:443/wd/hub/session/a3d696c240554e1c952802dae3c87263/elements - {"using":"id","value":"closeit"}
RESULT: {"status":0,"sessionId":"a3d696c240554e1c952802dae3c87263","value":[{"ELEMENT":"3"}],"state":"success","hCode":7113735,"class":"org.openqa.selenium.remote.Response"}
COMMAND: GET https://ondemand.saucelabs.com:443/wd/hub/session/a3d696c240554e1c952802dae3c87263/element/3/displayed - {}
RESULT: {"status":0,"sessionId":"a3d696c240554e1c952802dae3c87263","value":false,"state":"success","hCode":21543484,"class":"org.openqa.selenium.remote.Response"}
COMMAND: DELETE https://ondemand.saucelabs.com:443/wd/hub/session/a3d696c240554e1c952802dae3c87263 - {}
RESULT: {"status":0,"sessionId":"a3d696c240554e1c952802dae3c87263","value":""}
]]>
      </system-out>
    </testcase>
  </testsuite>
</testsuites>