<?xml version="1.0" encoding="UTF-8"?>
<testsuites>
  <testsuite name="homepage_content_test" timestamp="2018-05-15T20:12:27" time="19.965" tests="0" failures="0" errors="0" skipped="0">
    <properties>
      <property name="specId" value="aa6728059464140257b628cbf2721977"/>
      <property name="suiteName" value="homepage content test"/>
      <property name="capabilities" value="chrome.latest-2.windows10"/>
      <property name="file" value="./test/homepagecontenttest2.e2e.js"/>
    </properties>
  </testsuite>
  <testsuite name="failing_JS_test" timestamp="2018-05-15T20:12:27" time="19.964" tests="4" failures="0" errors="0" skipped="0">
    <properties>
      <property name="specId" value="aa6728059464140257b628cbf2721977"/>
      <property name="suiteName" value="failing JS test"/>
      <property name="capabilities" value="chrome.latest-2.windows10"/>
      <property name="file" value="./test/homepagecontenttest2.e2e.js"/>
    </properties>
    <testcase classname="chrome.latest-2.windows10.failing_JS_test" name="should_have_opened_correct_page" time="0.157">
      <system-out>
        <![CDATA[
COMMAND: POST https://ondemand.saucelabs.com:443/wd/hub/session/3689b8f9489b4d70be22e673897b7506/execute - {"script":"sauce:context=failing JS test - should have opened correct page","args":[]}
RESULT: {"status":0,"sessionId":"3689b8f9489b4d70be22e673897b7506","value":""}
COMMAND: GET https://ondemand.saucelabs.com:443/wd/hub/session/3689b8f9489b4d70be22e673897b7506/title - {}
RESULT: {"status":0,"sessionId":"3689b8f9489b4d70be22e673897b7506","value":"Jumbotron Template for Bootstrap"}
]]>
      </system-out>
    </testcase>
    <testcase classname="chrome.latest-2.windows10.failing_JS_test" name="should_open_modal" time="1.825">
      <system-out>
        <![CDATA[
COMMAND: POST https://ondemand.saucelabs.com:443/wd/hub/session/3689b8f9489b4d70be22e673897b7506/execute - {"script":"sauce:context=failing JS test - should open modal","args":[]}
RESULT: {"status":0,"sessionId":"3689b8f9489b4d70be22e673897b7506","value":""}
COMMAND: POST https://ondemand.saucelabs.com:443/wd/hub/session/3689b8f9489b4d70be22e673897b7506/element - {"using":"id","value":"modal"}
RESULT: {"status":0,"sessionId":"3689b8f9489b4d70be22e673897b7506","value":{"ELEMENT":"0.4978924742301325-1"}}
COMMAND: POST https://ondemand.saucelabs.com:443/wd/hub/session/3689b8f9489b4d70be22e673897b7506/element/0.4978924742301325-1/click - {}
RESULT: {"status":0,"sessionId":"3689b8f9489b4d70be22e673897b7506","value":null}
COMMAND: POST https://ondemand.saucelabs.com:443/wd/hub/session/3689b8f9489b4d70be22e673897b7506/element - {"using":"id","value":"exampleModalLong"}
RESULT: {"status":0,"sessionId":"3689b8f9489b4d70be22e673897b7506","value":{"ELEMENT":"0.4978924742301325-2"}}
COMMAND: POST https://ondemand.saucelabs.com:443/wd/hub/session/3689b8f9489b4d70be22e673897b7506/elements - {"using":"id","value":"exampleModalLong"}
RESULT: {"status":0,"sessionId":"3689b8f9489b4d70be22e673897b7506","value":[{"ELEMENT":"0.4978924742301325-2"}]}
COMMAND: GET https://ondemand.saucelabs.com:443/wd/hub/session/3689b8f9489b4d70be22e673897b7506/element/0.4978924742301325-2/displayed - {}
RESULT: {"status":0,"sessionId":"3689b8f9489b4d70be22e673897b7506","value":true}
COMMAND: POST https://ondemand.saucelabs.com:443/wd/hub/session/3689b8f9489b4d70be22e673897b7506/element - {"using":"id","value":"exampleModalLong"}
RESULT: {"status":0,"sessionId":"3689b8f9489b4d70be22e673897b7506","value":{"ELEMENT":"0.4978924742301325-2"}}
COMMAND: GET https://ondemand.saucelabs.com:443/wd/hub/session/3689b8f9489b4d70be22e673897b7506/element/0.4978924742301325-2/displayed - {}
RESULT: {"status":0,"sessionId":"3689b8f9489b4d70be22e673897b7506","value":true}
COMMAND: POST https://ondemand.saucelabs.com:443/wd/hub/session/3689b8f9489b4d70be22e673897b7506/element - {"using":"css selector","value":"#exampleModalLong .modal-body"}
RESULT: {"status":0,"sessionId":"3689b8f9489b4d70be22e673897b7506","value":{"ELEMENT":"0.4978924742301325-3"}}
COMMAND: GET https://ondemand.saucelabs.com:443/wd/hub/session/3689b8f9489b4d70be22e673897b7506/element/0.4978924742301325-3/text - {}
RESULT: {"status":0,"sessionId":"3689b8f9489b4d70be22e673897b7506","value":"Hello There"}
]]>
      </system-out>
    </testcase>
    <testcase classname="chrome.latest-2.windows10.failing_JS_test" name="should_close_modal" time="1.078">
      <system-out>
        <![CDATA[
COMMAND: POST https://ondemand.saucelabs.com:443/wd/hub/session/3689b8f9489b4d70be22e673897b7506/execute - {"script":"sauce:context=failing JS test - should close modal","args":[]}
RESULT: {"status":0,"sessionId":"3689b8f9489b4d70be22e673897b7506","value":""}
COMMAND: POST https://ondemand.saucelabs.com:443/wd/hub/session/3689b8f9489b4d70be22e673897b7506/element - {"using":"id","value":"closeit"}
RESULT: {"status":0,"sessionId":"3689b8f9489b4d70be22e673897b7506","value":{"ELEMENT":"0.4978924742301325-4"}}
COMMAND: POST https://ondemand.saucelabs.com:443/wd/hub/session/3689b8f9489b4d70be22e673897b7506/element/0.4978924742301325-4/click - {}
RESULT: {"status":0,"sessionId":"3689b8f9489b4d70be22e673897b7506","value":null}
COMMAND: POST https://ondemand.saucelabs.com:443/wd/hub/session/3689b8f9489b4d70be22e673897b7506/element - {"using":"id","value":"closeit"}
RESULT: {"status":0,"sessionId":"3689b8f9489b4d70be22e673897b7506","value":{"ELEMENT":"0.4978924742301325-4"}}
COMMAND: POST https://ondemand.saucelabs.com:443/wd/hub/session/3689b8f9489b4d70be22e673897b7506/elements - {"using":"id","value":"closeit"}
RESULT: {"status":0,"sessionId":"3689b8f9489b4d70be22e673897b7506","value":[{"ELEMENT":"0.4978924742301325-4"}]}
COMMAND: GET https://ondemand.saucelabs.com:443/wd/hub/session/3689b8f9489b4d70be22e673897b7506/element/0.4978924742301325-4/displayed - {}
RESULT: {"status":0,"sessionId":"3689b8f9489b4d70be22e673897b7506","value":false}
]]>
      </system-out>
    </testcase>
    <testcase classname="chrome.latest-2.windows10.failing_JS_test" name="wait_15_seconds" time="15.151">
      <system-out>
        <![CDATA[
COMMAND: POST https://ondemand.saucelabs.com:443/wd/hub/session/3689b8f9489b4d70be22e673897b7506/execute - {"script":"sauce:context=failing JS test - wait 15 seconds","args":[]}
RESULT: {"status":0,"sessionId":"3689b8f9489b4d70be22e673897b7506","value":""}
COMMAND: DELETE https://ondemand.saucelabs.com:443/wd/hub/session/3689b8f9489b4d70be22e673897b7506 - {}
RESULT: {"status":0,"sessionId":"3689b8f9489b4d70be22e673897b7506","value":""}
]]>
      </system-out>
    </testcase>
  </testsuite>
</testsuites>