<?xml version="1.0" encoding="UTF-8"?>
<testsuites>
  <testsuite name="flaky_login_test" timestamp="2018-05-15T21:54:03" time="3.495" tests="1" failures="0" errors="0" skipped="0">
    <properties>
      <property name="specId" value="c883875b49c31c1a38597f70a9e03f10"/>
      <property name="suiteName" value="flaky login test"/>
      <property name="capabilities" value="chrome.latest-1.windows10"/>
      <property name="file" value="./test/logintest2.e2e.js"/>
    </properties>
    <testcase classname="chrome.latest-1.windows10.flaky_login_test" name="should_try_to_login" time="2.4">
      <system-out>
        <![CDATA[
COMMAND: POST https://ondemand.saucelabs.com:443/wd/hub/session/677e57c0a92a4a5d8626cb56566e1ae1/execute - {"script":"sauce:context=flaky login test - should try to login","args":[]}
RESULT: {"status":0,"sessionId":"677e57c0a92a4a5d8626cb56566e1ae1","value":""}
COMMAND: POST https://ondemand.saucelabs.com:443/wd/hub/session/677e57c0a92a4a5d8626cb56566e1ae1/element - {"using":"id","value":"username"}
RESULT: {"status":0,"sessionId":"677e57c0a92a4a5d8626cb56566e1ae1","value":{"ELEMENT":"0.7529346197168825-1"}}
COMMAND: POST https://ondemand.saucelabs.com:443/wd/hub/session/677e57c0a92a4a5d8626cb56566e1ae1/element/0.7529346197168825-1/clear - {}
RESULT: {"status":0,"sessionId":"677e57c0a92a4a5d8626cb56566e1ae1","value":null}
COMMAND: POST https://ondemand.saucelabs.com:443/wd/hub/session/677e57c0a92a4a5d8626cb56566e1ae1/element/0.7529346197168825-1/value - {"value":["a","d","m","i","n"],"text":"admin"}
RESULT: {"status":0,"sessionId":"677e57c0a92a4a5d8626cb56566e1ae1","value":null}
COMMAND: POST https://ondemand.saucelabs.com:443/wd/hub/session/677e57c0a92a4a5d8626cb56566e1ae1/element - {"using":"id","value":"password"}
RESULT: {"status":0,"sessionId":"677e57c0a92a4a5d8626cb56566e1ae1","value":{"ELEMENT":"0.7529346197168825-2"}}
COMMAND: POST https://ondemand.saucelabs.com:443/wd/hub/session/677e57c0a92a4a5d8626cb56566e1ae1/element/0.7529346197168825-2/clear - {}
RESULT: {"status":0,"sessionId":"677e57c0a92a4a5d8626cb56566e1ae1","value":null}
COMMAND: POST https://ondemand.saucelabs.com:443/wd/hub/session/677e57c0a92a4a5d8626cb56566e1ae1/element/0.7529346197168825-2/value - {"value":["m","y","s","u","p","e","r","s","e","c","(11 more items)"],"text":"mysupersecretpassword"}
RESULT: {"status":0,"sessionId":"677e57c0a92a4a5d8626cb56566e1ae1","value":null}
COMMAND: POST https://ondemand.saucelabs.com:443/wd/hub/session/677e57c0a92a4a5d8626cb56566e1ae1/element - {"using":"id","value":"login"}
RESULT: {"status":0,"sessionId":"677e57c0a92a4a5d8626cb56566e1ae1","value":{"ELEMENT":"0.7529346197168825-3"}}
COMMAND: POST https://ondemand.saucelabs.com:443/wd/hub/session/677e57c0a92a4a5d8626cb56566e1ae1/element/0.7529346197168825-3/click - {}
RESULT: {"status":0,"sessionId":"677e57c0a92a4a5d8626cb56566e1ae1","value":null}
COMMAND: GET https://ondemand.saucelabs.com:443/wd/hub/session/677e57c0a92a4a5d8626cb56566e1ae1/title - {}
RESULT: {"status":0,"sessionId":"677e57c0a92a4a5d8626cb56566e1ae1","value":"Jumbotron Template for Bootstrap"}
COMMAND: GET https://ondemand.saucelabs.com:443/wd/hub/session/677e57c0a92a4a5d8626cb56566e1ae1/title - {}
RESULT: {"status":0,"sessionId":"677e57c0a92a4a5d8626cb56566e1ae1","value":"Admin Area"}
COMMAND: DELETE https://ondemand.saucelabs.com:443/wd/hub/session/677e57c0a92a4a5d8626cb56566e1ae1 - {}
RESULT: {"status":0,"sessionId":"677e57c0a92a4a5d8626cb56566e1ae1","value":""}
]]>
      </system-out>
    </testcase>
  </testsuite>
</testsuites>