<?xml version="1.0" encoding="UTF-8"?>
<testsuites>
  <testsuite name="site_test" timestamp="2018-05-15T21:54:25" time="3.912" tests="0" failures="0" errors="0" skipped="0">
    <properties>
      <property name="specId" value="fa68d295dc117f57aa977c73a36643d6"/>
      <property name="suiteName" value="site test"/>
      <property name="capabilities" value="chrome.latest-4.windows10"/>
      <property name="file" value="./test/test2.e2e.js"/>
    </properties>
  </testsuite>
  <testsuite name="failing_JS_test" timestamp="2018-05-15T21:54:25" time="3.911" tests="3" failures="0" errors="0" skipped="0">
    <properties>
      <property name="specId" value="fa68d295dc117f57aa977c73a36643d6"/>
      <property name="suiteName" value="failing JS test"/>
      <property name="capabilities" value="chrome.latest-4.windows10"/>
      <property name="file" value="./test/test2.e2e.js"/>
    </properties>
    <testcase classname="chrome.latest-4.windows10.failing_JS_test" name="should_have_opened_correct_page" time="0.118">
      <system-out>
        <![CDATA[
COMMAND: POST https://ondemand.saucelabs.com:443/wd/hub/session/2bb1c7fd7894497b94b66c3b4b2c332c/execute - {"script":"sauce:context=failing JS test - should have opened correct page","args":[]}
RESULT: {"status":0,"sessionId":"2bb1c7fd7894497b94b66c3b4b2c332c","value":""}
COMMAND: GET https://ondemand.saucelabs.com:443/wd/hub/session/2bb1c7fd7894497b94b66c3b4b2c332c/title - {}
RESULT: {"status":0,"sessionId":"2bb1c7fd7894497b94b66c3b4b2c332c","value":"Jumbotron Template for Bootstrap"}
]]>
      </system-out>
    </testcase>
    <testcase classname="chrome.latest-4.windows10.failing_JS_test" name="should_open_modal" time="1.437">
      <system-out>
        <![CDATA[
COMMAND: POST https://ondemand.saucelabs.com:443/wd/hub/session/2bb1c7fd7894497b94b66c3b4b2c332c/execute - {"script":"sauce:context=failing JS test - should open modal","args":[]}
RESULT: {"status":0,"sessionId":"2bb1c7fd7894497b94b66c3b4b2c332c","value":""}
COMMAND: POST https://ondemand.saucelabs.com:443/wd/hub/session/2bb1c7fd7894497b94b66c3b4b2c332c/element - {"using":"id","value":"modal"}
RESULT: {"status":0,"sessionId":"2bb1c7fd7894497b94b66c3b4b2c332c","value":{"ELEMENT":"0.23128925969444492-1"}}
COMMAND: POST https://ondemand.saucelabs.com:443/wd/hub/session/2bb1c7fd7894497b94b66c3b4b2c332c/element/0.23128925969444492-1/click - {}
RESULT: {"status":0,"sessionId":"2bb1c7fd7894497b94b66c3b4b2c332c","value":null}
COMMAND: POST https://ondemand.saucelabs.com:443/wd/hub/session/2bb1c7fd7894497b94b66c3b4b2c332c/element - {"using":"id","value":"exampleModalLong"}
RESULT: {"status":0,"sessionId":"2bb1c7fd7894497b94b66c3b4b2c332c","value":{"ELEMENT":"0.23128925969444492-2"}}
COMMAND: POST https://ondemand.saucelabs.com:443/wd/hub/session/2bb1c7fd7894497b94b66c3b4b2c332c/elements - {"using":"id","value":"exampleModalLong"}
RESULT: {"status":0,"sessionId":"2bb1c7fd7894497b94b66c3b4b2c332c","value":[{"ELEMENT":"0.23128925969444492-2"}]}
COMMAND: GET https://ondemand.saucelabs.com:443/wd/hub/session/2bb1c7fd7894497b94b66c3b4b2c332c/element/0.23128925969444492-2/displayed - {}
RESULT: {"status":0,"sessionId":"2bb1c7fd7894497b94b66c3b4b2c332c","value":true}
COMMAND: POST https://ondemand.saucelabs.com:443/wd/hub/session/2bb1c7fd7894497b94b66c3b4b2c332c/element - {"using":"id","value":"exampleModalLong"}
RESULT: {"status":0,"sessionId":"2bb1c7fd7894497b94b66c3b4b2c332c","value":{"ELEMENT":"0.23128925969444492-2"}}
COMMAND: GET https://ondemand.saucelabs.com:443/wd/hub/session/2bb1c7fd7894497b94b66c3b4b2c332c/element/0.23128925969444492-2/displayed - {}
RESULT: {"status":0,"sessionId":"2bb1c7fd7894497b94b66c3b4b2c332c","value":true}
COMMAND: POST https://ondemand.saucelabs.com:443/wd/hub/session/2bb1c7fd7894497b94b66c3b4b2c332c/element - {"using":"css selector","value":"#exampleModalLong .modal-body"}
RESULT: {"status":0,"sessionId":"2bb1c7fd7894497b94b66c3b4b2c332c","value":{"ELEMENT":"0.23128925969444492-3"}}
COMMAND: GET https://ondemand.saucelabs.com:443/wd/hub/session/2bb1c7fd7894497b94b66c3b4b2c332c/element/0.23128925969444492-3/text - {}
RESULT: {"status":0,"sessionId":"2bb1c7fd7894497b94b66c3b4b2c332c","value":"Hello There"}
]]>
      </system-out>
    </testcase>
    <testcase classname="chrome.latest-4.windows10.failing_JS_test" name="should_close_modal" time="0.962">
      <system-out>
        <![CDATA[
COMMAND: POST https://ondemand.saucelabs.com:443/wd/hub/session/2bb1c7fd7894497b94b66c3b4b2c332c/execute - {"script":"sauce:context=failing JS test - should close modal","args":[]}
RESULT: {"status":0,"sessionId":"2bb1c7fd7894497b94b66c3b4b2c332c","value":""}
COMMAND: POST https://ondemand.saucelabs.com:443/wd/hub/session/2bb1c7fd7894497b94b66c3b4b2c332c/element - {"using":"id","value":"closeit"}
RESULT: {"status":0,"sessionId":"2bb1c7fd7894497b94b66c3b4b2c332c","value":{"ELEMENT":"0.23128925969444492-4"}}
COMMAND: POST https://ondemand.saucelabs.com:443/wd/hub/session/2bb1c7fd7894497b94b66c3b4b2c332c/element/0.23128925969444492-4/click - {}
RESULT: {"status":0,"sessionId":"2bb1c7fd7894497b94b66c3b4b2c332c","value":null}
COMMAND: POST https://ondemand.saucelabs.com:443/wd/hub/session/2bb1c7fd7894497b94b66c3b4b2c332c/element - {"using":"id","value":"closeit"}
RESULT: {"status":0,"sessionId":"2bb1c7fd7894497b94b66c3b4b2c332c","value":{"ELEMENT":"0.23128925969444492-4"}}
COMMAND: POST https://ondemand.saucelabs.com:443/wd/hub/session/2bb1c7fd7894497b94b66c3b4b2c332c/elements - {"using":"id","value":"closeit"}
RESULT: {"status":0,"sessionId":"2bb1c7fd7894497b94b66c3b4b2c332c","value":[{"ELEMENT":"0.23128925969444492-4"}]}
COMMAND: GET https://ondemand.saucelabs.com:443/wd/hub/session/2bb1c7fd7894497b94b66c3b4b2c332c/element/0.23128925969444492-4/displayed - {}
RESULT: {"status":0,"sessionId":"2bb1c7fd7894497b94b66c3b4b2c332c","value":false}
COMMAND: DELETE https://ondemand.saucelabs.com:443/wd/hub/session/2bb1c7fd7894497b94b66c3b4b2c332c - {}
RESULT: {"status":0,"sessionId":"2bb1c7fd7894497b94b66c3b4b2c332c","value":""}
]]>
      </system-out>
    </testcase>
  </testsuite>
</testsuites>