<?xml version="1.0" encoding="UTF-8"?>
<testsuites>
  <testsuite name="flaky_login_test" timestamp="2018-05-15T21:54:03" time="3.197" tests="1" failures="0" errors="0" skipped="0">
    <properties>
      <property name="specId" value="41ccbc6d7c99cb18cb71e0b9fc1a18f4"/>
      <property name="suiteName" value="flaky login test"/>
      <property name="capabilities" value="chrome.latest-3.windows10"/>
      <property name="file" value="./test/logintest.e2e.js"/>
    </properties>
    <testcase classname="chrome.latest-3.windows10.flaky_login_test" name="should_try_to_login" time="2.027">
      <system-out>
        <![CDATA[
COMMAND: POST https://ondemand.saucelabs.com:443/wd/hub/session/8780d7fd2094473f820aba2b2e33b835/execute - {"script":"sauce:context=flaky login test - should try to login","args":[]}
RESULT: {"status":0,"sessionId":"8780d7fd2094473f820aba2b2e33b835","value":""}
COMMAND: POST https://ondemand.saucelabs.com:443/wd/hub/session/8780d7fd2094473f820aba2b2e33b835/element - {"using":"id","value":"username"}
RESULT: {"status":0,"sessionId":"8780d7fd2094473f820aba2b2e33b835","value":{"ELEMENT":"0.9694337677431955-1"}}
COMMAND: POST https://ondemand.saucelabs.com:443/wd/hub/session/8780d7fd2094473f820aba2b2e33b835/element/0.9694337677431955-1/clear - {}
RESULT: {"status":0,"sessionId":"8780d7fd2094473f820aba2b2e33b835","value":null}
COMMAND: POST https://ondemand.saucelabs.com:443/wd/hub/session/8780d7fd2094473f820aba2b2e33b835/element/0.9694337677431955-1/value - {"value":["a","d","m","i","n"],"text":"admin"}
RESULT: {"status":0,"sessionId":"8780d7fd2094473f820aba2b2e33b835","value":null}
COMMAND: POST https://ondemand.saucelabs.com:443/wd/hub/session/8780d7fd2094473f820aba2b2e33b835/element - {"using":"id","value":"password"}
RESULT: {"status":0,"sessionId":"8780d7fd2094473f820aba2b2e33b835","value":{"ELEMENT":"0.9694337677431955-2"}}
COMMAND: POST https://ondemand.saucelabs.com:443/wd/hub/session/8780d7fd2094473f820aba2b2e33b835/element/0.9694337677431955-2/clear - {}
RESULT: {"status":0,"sessionId":"8780d7fd2094473f820aba2b2e33b835","value":null}
COMMAND: POST https://ondemand.saucelabs.com:443/wd/hub/session/8780d7fd2094473f820aba2b2e33b835/element/0.9694337677431955-2/value - {"value":["m","y","s","u","p","e","r","s","e","c","(11 more items)"],"text":"mysupersecretpassword"}
RESULT: {"status":0,"sessionId":"8780d7fd2094473f820aba2b2e33b835","value":null}
COMMAND: POST https://ondemand.saucelabs.com:443/wd/hub/session/8780d7fd2094473f820aba2b2e33b835/element - {"using":"id","value":"login"}
RESULT: {"status":0,"sessionId":"8780d7fd2094473f820aba2b2e33b835","value":{"ELEMENT":"0.9694337677431955-3"}}
COMMAND: POST https://ondemand.saucelabs.com:443/wd/hub/session/8780d7fd2094473f820aba2b2e33b835/element/0.9694337677431955-3/click - {}
RESULT: {"status":0,"sessionId":"8780d7fd2094473f820aba2b2e33b835","value":null}
COMMAND: GET https://ondemand.saucelabs.com:443/wd/hub/session/8780d7fd2094473f820aba2b2e33b835/title - {}
RESULT: {"status":0,"sessionId":"8780d7fd2094473f820aba2b2e33b835","value":"Admin Area"}
COMMAND: DELETE https://ondemand.saucelabs.com:443/wd/hub/session/8780d7fd2094473f820aba2b2e33b835 - {}
RESULT: {"status":0,"sessionId":"8780d7fd2094473f820aba2b2e33b835","value":""}
]]>
      </system-out>
    </testcase>
  </testsuite>
</testsuites>