<?xml version="1.0" encoding="UTF-8"?>
<testsuites>
  <testsuite name="flaky_login_test" timestamp="2018-05-15T21:54:16" time="4.103" tests="1" failures="0" errors="0" skipped="0">
    <properties>
      <property name="specId" value="c883875b49c31c1a38597f70a9e03f10"/>
      <property name="suiteName" value="flaky login test"/>
      <property name="capabilities" value="firefox.latest.windows10"/>
      <property name="file" value="./test/logintest2.e2e.js"/>
    </properties>
    <testcase classname="firefox.latest.windows10.flaky_login_test" name="should_try_to_login" time="2.647">
      <system-out>
        <![CDATA[
COMMAND: POST https://ondemand.saucelabs.com:443/wd/hub/session/040fea97c8ad47dd9f9822005626cc3a/execute - {"script":"sauce:context=flaky login test - should try to login","args":[]}
RESULT: {"status":0,"sessionId":"040fea97c8ad47dd9f9822005626cc3a","value":""}
COMMAND: POST https://ondemand.saucelabs.com:443/wd/hub/session/040fea97c8ad47dd9f9822005626cc3a/element - {"using":"id","value":"username"}
RESULT: {"status":0,"sessionId":"040fea97c8ad47dd9f9822005626cc3a","value":{"ELEMENT":"0"},"state":"success","hCode":28454771,"class":"org.openqa.selenium.remote.Response"}
COMMAND: POST https://ondemand.saucelabs.com:443/wd/hub/session/040fea97c8ad47dd9f9822005626cc3a/element/0/clear - {}
RESULT: {"status":0,"sessionId":"040fea97c8ad47dd9f9822005626cc3a","value":null,"state":"success","hCode":12300019,"class":"org.openqa.selenium.remote.Response"}
COMMAND: POST https://ondemand.saucelabs.com:443/wd/hub/session/040fea97c8ad47dd9f9822005626cc3a/element/0/value - {"value":["a","d","m","i","n"],"text":"admin"}
RESULT: {"status":0,"sessionId":"040fea97c8ad47dd9f9822005626cc3a","value":null,"state":"success","hCode":12681836,"class":"org.openqa.selenium.remote.Response"}
COMMAND: POST https://ondemand.saucelabs.com:443/wd/hub/session/040fea97c8ad47dd9f9822005626cc3a/element - {"using":"id","value":"password"}
RESULT: {"status":0,"sessionId":"040fea97c8ad47dd9f9822005626cc3a","value":{"ELEMENT":"1"},"state":"success","hCode":28140861,"class":"org.openqa.selenium.remote.Response"}
COMMAND: POST https://ondemand.saucelabs.com:443/wd/hub/session/040fea97c8ad47dd9f9822005626cc3a/element/1/clear - {}
RESULT: {"status":0,"sessionId":"040fea97c8ad47dd9f9822005626cc3a","value":null,"state":"success","hCode":26845935,"class":"org.openqa.selenium.remote.Response"}
COMMAND: POST https://ondemand.saucelabs.com:443/wd/hub/session/040fea97c8ad47dd9f9822005626cc3a/element/1/value - {"value":["m","y","s","u","p","e","r","s","e","c","(11 more items)"],"text":"mysupersecretpassword"}
RESULT: {"status":0,"sessionId":"040fea97c8ad47dd9f9822005626cc3a","value":null,"state":"success","hCode":21089955,"class":"org.openqa.selenium.remote.Response"}
COMMAND: POST https://ondemand.saucelabs.com:443/wd/hub/session/040fea97c8ad47dd9f9822005626cc3a/element - {"using":"id","value":"login"}
RESULT: {"status":0,"sessionId":"040fea97c8ad47dd9f9822005626cc3a","value":{"ELEMENT":"2"},"state":"success","hCode":19743442,"class":"org.openqa.selenium.remote.Response"}
COMMAND: POST https://ondemand.saucelabs.com:443/wd/hub/session/040fea97c8ad47dd9f9822005626cc3a/element/2/click - {}
RESULT: {"status":0,"sessionId":"040fea97c8ad47dd9f9822005626cc3a","value":null,"state":"success","hCode":29352174,"class":"org.openqa.selenium.remote.Response"}
COMMAND: GET https://ondemand.saucelabs.com:443/wd/hub/session/040fea97c8ad47dd9f9822005626cc3a/title - {}
RESULT: {"status":0,"sessionId":"040fea97c8ad47dd9f9822005626cc3a","value":"Admin Area","state":"success","hCode":16160753,"class":"org.openqa.selenium.remote.Response"}
COMMAND: DELETE https://ondemand.saucelabs.com:443/wd/hub/session/040fea97c8ad47dd9f9822005626cc3a - {}
RESULT: {"status":0,"sessionId":"040fea97c8ad47dd9f9822005626cc3a","value":""}
]]>
      </system-out>
    </testcase>
  </testsuite>
</testsuites>