<?xml version="1.0" encoding="UTF-8"?>
<testsuites>
  <testsuite name="header_test" timestamp="2018-05-15T21:54:01" time="18.312" tests="0" failures="0" errors="0" skipped="0">
    <properties>
      <property name="specId" value="f927b514822328f37479d8b776933f67"/>
      <property name="suiteName" value="header test"/>
      <property name="capabilities" value="chrome.latest.windows10"/>
      <property name="file" value="./test/headertest2.e2e.js"/>
    </properties>
  </testsuite>
  <testsuite name="failing_JS_test" timestamp="2018-05-15T21:54:01" time="18.311" tests="4" failures="0" errors="0" skipped="0">
    <properties>
      <property name="specId" value="f927b514822328f37479d8b776933f67"/>
      <property name="suiteName" value="failing JS test"/>
      <property name="capabilities" value="chrome.latest.windows10"/>
      <property name="file" value="./test/headertest2.e2e.js"/>
    </properties>
    <testcase classname="chrome.latest.windows10.failing_JS_test" name="should_have_opened_correct_page" time="0.19">
      <system-out>
        <![CDATA[
COMMAND: POST https://ondemand.saucelabs.com:443/wd/hub/session/716fbb6f5c474fbea50a4e2752c902d1/execute - {"script":"sauce:context=failing JS test - should have opened correct page","args":[]}
RESULT: {"status":0,"sessionId":"716fbb6f5c474fbea50a4e2752c902d1","value":""}
COMMAND: GET https://ondemand.saucelabs.com:443/wd/hub/session/716fbb6f5c474fbea50a4e2752c902d1/title - {}
RESULT: {"status":0,"sessionId":"716fbb6f5c474fbea50a4e2752c902d1","value":"Jumbotron Template for Bootstrap"}
]]>
      </system-out>
    </testcase>
    <testcase classname="chrome.latest.windows10.failing_JS_test" name="should_open_modal" time="1.174">
      <system-out>
        <![CDATA[
COMMAND: POST https://ondemand.saucelabs.com:443/wd/hub/session/716fbb6f5c474fbea50a4e2752c902d1/execute - {"script":"sauce:context=failing JS test - should open modal","args":[]}
RESULT: {"status":0,"sessionId":"716fbb6f5c474fbea50a4e2752c902d1","value":""}
COMMAND: POST https://ondemand.saucelabs.com:443/wd/hub/session/716fbb6f5c474fbea50a4e2752c902d1/element - {"using":"id","value":"modal"}
RESULT: {"status":0,"sessionId":"716fbb6f5c474fbea50a4e2752c902d1","value":{"ELEMENT":"0.5494220697491823-1"}}
COMMAND: POST https://ondemand.saucelabs.com:443/wd/hub/session/716fbb6f5c474fbea50a4e2752c902d1/element/0.5494220697491823-1/click - {}
RESULT: {"status":0,"sessionId":"716fbb6f5c474fbea50a4e2752c902d1","value":null}
COMMAND: POST https://ondemand.saucelabs.com:443/wd/hub/session/716fbb6f5c474fbea50a4e2752c902d1/element - {"using":"id","value":"exampleModalLong"}
RESULT: {"status":0,"sessionId":"716fbb6f5c474fbea50a4e2752c902d1","value":{"ELEMENT":"0.5494220697491823-2"}}
COMMAND: POST https://ondemand.saucelabs.com:443/wd/hub/session/716fbb6f5c474fbea50a4e2752c902d1/elements - {"using":"id","value":"exampleModalLong"}
RESULT: {"status":0,"sessionId":"716fbb6f5c474fbea50a4e2752c902d1","value":[{"ELEMENT":"0.5494220697491823-2"}]}
COMMAND: GET https://ondemand.saucelabs.com:443/wd/hub/session/716fbb6f5c474fbea50a4e2752c902d1/element/0.5494220697491823-2/displayed - {}
RESULT: {"status":0,"sessionId":"716fbb6f5c474fbea50a4e2752c902d1","value":true}
COMMAND: POST https://ondemand.saucelabs.com:443/wd/hub/session/716fbb6f5c474fbea50a4e2752c902d1/element - {"using":"id","value":"exampleModalLong"}
RESULT: {"status":0,"sessionId":"716fbb6f5c474fbea50a4e2752c902d1","value":{"ELEMENT":"0.5494220697491823-2"}}
COMMAND: GET https://ondemand.saucelabs.com:443/wd/hub/session/716fbb6f5c474fbea50a4e2752c902d1/element/0.5494220697491823-2/displayed - {}
RESULT: {"status":0,"sessionId":"716fbb6f5c474fbea50a4e2752c902d1","value":true}
COMMAND: POST https://ondemand.saucelabs.com:443/wd/hub/session/716fbb6f5c474fbea50a4e2752c902d1/element - {"using":"css selector","value":"#exampleModalLong .modal-body"}
RESULT: {"status":0,"sessionId":"716fbb6f5c474fbea50a4e2752c902d1","value":{"ELEMENT":"0.5494220697491823-3"}}
COMMAND: GET https://ondemand.saucelabs.com:443/wd/hub/session/716fbb6f5c474fbea50a4e2752c902d1/element/0.5494220697491823-3/text - {}
RESULT: {"status":0,"sessionId":"716fbb6f5c474fbea50a4e2752c902d1","value":"Hello There"}
]]>
      </system-out>
    </testcase>
    <testcase classname="chrome.latest.windows10.failing_JS_test" name="should_close_modal" time="0.818">
      <system-out>
        <![CDATA[
COMMAND: POST https://ondemand.saucelabs.com:443/wd/hub/session/716fbb6f5c474fbea50a4e2752c902d1/execute - {"script":"sauce:context=failing JS test - should close modal","args":[]}
RESULT: {"status":0,"sessionId":"716fbb6f5c474fbea50a4e2752c902d1","value":""}
COMMAND: POST https://ondemand.saucelabs.com:443/wd/hub/session/716fbb6f5c474fbea50a4e2752c902d1/element - {"using":"id","value":"closeit"}
RESULT: {"status":0,"sessionId":"716fbb6f5c474fbea50a4e2752c902d1","value":{"ELEMENT":"0.5494220697491823-4"}}
COMMAND: POST https://ondemand.saucelabs.com:443/wd/hub/session/716fbb6f5c474fbea50a4e2752c902d1/element/0.5494220697491823-4/click - {}
RESULT: {"status":0,"sessionId":"716fbb6f5c474fbea50a4e2752c902d1","value":null}
COMMAND: POST https://ondemand.saucelabs.com:443/wd/hub/session/716fbb6f5c474fbea50a4e2752c902d1/element - {"using":"id","value":"closeit"}
RESULT: {"status":0,"sessionId":"716fbb6f5c474fbea50a4e2752c902d1","value":{"ELEMENT":"0.5494220697491823-4"}}
COMMAND: POST https://ondemand.saucelabs.com:443/wd/hub/session/716fbb6f5c474fbea50a4e2752c902d1/elements - {"using":"id","value":"closeit"}
RESULT: {"status":0,"sessionId":"716fbb6f5c474fbea50a4e2752c902d1","value":[{"ELEMENT":"0.5494220697491823-4"}]}
COMMAND: GET https://ondemand.saucelabs.com:443/wd/hub/session/716fbb6f5c474fbea50a4e2752c902d1/element/0.5494220697491823-4/displayed - {}
RESULT: {"status":0,"sessionId":"716fbb6f5c474fbea50a4e2752c902d1","value":false}
]]>
      </system-out>
    </testcase>
    <testcase classname="chrome.latest.windows10.failing_JS_test" name="wait_15_seconds" time="15.06">
      <system-out>
        <![CDATA[
COMMAND: POST https://ondemand.saucelabs.com:443/wd/hub/session/716fbb6f5c474fbea50a4e2752c902d1/execute - {"script":"sauce:context=failing JS test - wait 15 seconds","args":[]}
RESULT: {"status":0,"sessionId":"716fbb6f5c474fbea50a4e2752c902d1","value":""}
COMMAND: DELETE https://ondemand.saucelabs.com:443/wd/hub/session/716fbb6f5c474fbea50a4e2752c902d1 - {}
RESULT: {"status":0,"sessionId":"716fbb6f5c474fbea50a4e2752c902d1","value":""}
]]>
      </system-out>
    </testcase>
  </testsuite>
</testsuites>