<?xml version="1.0" encoding="UTF-8"?>
<testsuites>
  <testsuite name="homepage_content_test" timestamp="2018-05-15T21:54:03" time="18.477" tests="0" failures="0" errors="0" skipped="0">
    <properties>
      <property name="specId" value="aa6728059464140257b628cbf2721977"/>
      <property name="suiteName" value="homepage content test"/>
      <property name="capabilities" value="chrome.latest-4.windows10"/>
      <property name="file" value="./test/homepagecontenttest2.e2e.js"/>
    </properties>
  </testsuite>
  <testsuite name="failing_JS_test" timestamp="2018-05-15T21:54:03" time="18.476" tests="4" failures="0" errors="0" skipped="0">
    <properties>
      <property name="specId" value="aa6728059464140257b628cbf2721977"/>
      <property name="suiteName" value="failing JS test"/>
      <property name="capabilities" value="chrome.latest-4.windows10"/>
      <property name="file" value="./test/homepagecontenttest2.e2e.js"/>
    </properties>
    <testcase classname="chrome.latest-4.windows10.failing_JS_test" name="should_have_opened_correct_page" time="0.109">
      <system-out>
        <![CDATA[
COMMAND: POST https://ondemand.saucelabs.com:443/wd/hub/session/57df7fb37245479da1accf38d29c9893/execute - {"script":"sauce:context=failing JS test - should have opened correct page","args":[]}
RESULT: {"status":0,"sessionId":"57df7fb37245479da1accf38d29c9893","value":""}
COMMAND: GET https://ondemand.saucelabs.com:443/wd/hub/session/57df7fb37245479da1accf38d29c9893/title - {}
RESULT: {"status":0,"sessionId":"57df7fb37245479da1accf38d29c9893","value":"Jumbotron Template for Bootstrap"}
]]>
      </system-out>
    </testcase>
    <testcase classname="chrome.latest-4.windows10.failing_JS_test" name="should_open_modal" time="1.362">
      <system-out>
        <![CDATA[
COMMAND: POST https://ondemand.saucelabs.com:443/wd/hub/session/57df7fb37245479da1accf38d29c9893/execute - {"script":"sauce:context=failing JS test - should open modal","args":[]}
RESULT: {"status":0,"sessionId":"57df7fb37245479da1accf38d29c9893","value":""}
COMMAND: POST https://ondemand.saucelabs.com:443/wd/hub/session/57df7fb37245479da1accf38d29c9893/element - {"using":"id","value":"modal"}
RESULT: {"status":0,"sessionId":"57df7fb37245479da1accf38d29c9893","value":{"ELEMENT":"0.31890675735616436-1"}}
COMMAND: POST https://ondemand.saucelabs.com:443/wd/hub/session/57df7fb37245479da1accf38d29c9893/element/0.31890675735616436-1/click - {}
RESULT: {"status":0,"sessionId":"57df7fb37245479da1accf38d29c9893","value":null}
COMMAND: POST https://ondemand.saucelabs.com:443/wd/hub/session/57df7fb37245479da1accf38d29c9893/element - {"using":"id","value":"exampleModalLong"}
RESULT: {"status":0,"sessionId":"57df7fb37245479da1accf38d29c9893","value":{"ELEMENT":"0.31890675735616436-2"}}
COMMAND: POST https://ondemand.saucelabs.com:443/wd/hub/session/57df7fb37245479da1accf38d29c9893/elements - {"using":"id","value":"exampleModalLong"}
RESULT: {"status":0,"sessionId":"57df7fb37245479da1accf38d29c9893","value":[{"ELEMENT":"0.31890675735616436-2"}]}
COMMAND: GET https://ondemand.saucelabs.com:443/wd/hub/session/57df7fb37245479da1accf38d29c9893/element/0.31890675735616436-2/displayed - {}
RESULT: {"status":0,"sessionId":"57df7fb37245479da1accf38d29c9893","value":true}
COMMAND: POST https://ondemand.saucelabs.com:443/wd/hub/session/57df7fb37245479da1accf38d29c9893/element - {"using":"id","value":"exampleModalLong"}
RESULT: {"status":0,"sessionId":"57df7fb37245479da1accf38d29c9893","value":{"ELEMENT":"0.31890675735616436-2"}}
COMMAND: GET https://ondemand.saucelabs.com:443/wd/hub/session/57df7fb37245479da1accf38d29c9893/element/0.31890675735616436-2/displayed - {}
RESULT: {"status":0,"sessionId":"57df7fb37245479da1accf38d29c9893","value":true}
COMMAND: POST https://ondemand.saucelabs.com:443/wd/hub/session/57df7fb37245479da1accf38d29c9893/element - {"using":"css selector","value":"#exampleModalLong .modal-body"}
RESULT: {"status":0,"sessionId":"57df7fb37245479da1accf38d29c9893","value":{"ELEMENT":"0.31890675735616436-3"}}
COMMAND: GET https://ondemand.saucelabs.com:443/wd/hub/session/57df7fb37245479da1accf38d29c9893/element/0.31890675735616436-3/text - {}
RESULT: {"status":0,"sessionId":"57df7fb37245479da1accf38d29c9893","value":"Hello There"}
]]>
      </system-out>
    </testcase>
    <testcase classname="chrome.latest-4.windows10.failing_JS_test" name="should_close_modal" time="0.87">
      <system-out>
        <![CDATA[
COMMAND: POST https://ondemand.saucelabs.com:443/wd/hub/session/57df7fb37245479da1accf38d29c9893/execute - {"script":"sauce:context=failing JS test - should close modal","args":[]}
RESULT: {"status":0,"sessionId":"57df7fb37245479da1accf38d29c9893","value":""}
COMMAND: POST https://ondemand.saucelabs.com:443/wd/hub/session/57df7fb37245479da1accf38d29c9893/element - {"using":"id","value":"closeit"}
RESULT: {"status":0,"sessionId":"57df7fb37245479da1accf38d29c9893","value":{"ELEMENT":"0.31890675735616436-4"}}
COMMAND: POST https://ondemand.saucelabs.com:443/wd/hub/session/57df7fb37245479da1accf38d29c9893/element/0.31890675735616436-4/click - {}
RESULT: {"status":0,"sessionId":"57df7fb37245479da1accf38d29c9893","value":null}
COMMAND: POST https://ondemand.saucelabs.com:443/wd/hub/session/57df7fb37245479da1accf38d29c9893/element - {"using":"id","value":"closeit"}
RESULT: {"status":0,"sessionId":"57df7fb37245479da1accf38d29c9893","value":{"ELEMENT":"0.31890675735616436-4"}}
COMMAND: POST https://ondemand.saucelabs.com:443/wd/hub/session/57df7fb37245479da1accf38d29c9893/elements - {"using":"id","value":"closeit"}
RESULT: {"status":0,"sessionId":"57df7fb37245479da1accf38d29c9893","value":[{"ELEMENT":"0.31890675735616436-4"}]}
COMMAND: GET https://ondemand.saucelabs.com:443/wd/hub/session/57df7fb37245479da1accf38d29c9893/element/0.31890675735616436-4/displayed - {}
RESULT: {"status":0,"sessionId":"57df7fb37245479da1accf38d29c9893","value":false}
]]>
      </system-out>
    </testcase>
    <testcase classname="chrome.latest-4.windows10.failing_JS_test" name="wait_15_seconds" time="15.05">
      <system-out>
        <![CDATA[
COMMAND: POST https://ondemand.saucelabs.com:443/wd/hub/session/57df7fb37245479da1accf38d29c9893/execute - {"script":"sauce:context=failing JS test - wait 15 seconds","args":[]}
RESULT: {"status":0,"sessionId":"57df7fb37245479da1accf38d29c9893","value":""}
COMMAND: DELETE https://ondemand.saucelabs.com:443/wd/hub/session/57df7fb37245479da1accf38d29c9893 - {}
RESULT: {"status":0,"sessionId":"57df7fb37245479da1accf38d29c9893","value":""}
]]>
      </system-out>
    </testcase>
  </testsuite>
</testsuites>