<?xml version="1.0" encoding="UTF-8"?>
<testsuites>
  <testsuite name="header_test" timestamp="2018-05-15T21:54:04" time="19.58" tests="0" failures="0" errors="0" skipped="0">
    <properties>
      <property name="specId" value="d40f0c0af00f49ea8e397640812aeead"/>
      <property name="suiteName" value="header test"/>
      <property name="capabilities" value="firefox.latest.windows10"/>
      <property name="file" value="./test/headertest1.e2e.js"/>
    </properties>
  </testsuite>
  <testsuite name="failing_JS_test" timestamp="2018-05-15T21:54:04" time="19.579" tests="4" failures="0" errors="0" skipped="0">
    <properties>
      <property name="specId" value="d40f0c0af00f49ea8e397640812aeead"/>
      <property name="suiteName" value="failing JS test"/>
      <property name="capabilities" value="firefox.latest.windows10"/>
      <property name="file" value="./test/headertest1.e2e.js"/>
    </properties>
    <testcase classname="firefox.latest.windows10.failing_JS_test" name="should_have_opened_correct_page" time="0.14">
      <system-out>
        <![CDATA[
COMMAND: POST https://ondemand.saucelabs.com:443/wd/hub/session/4363f89f3e4642cd80da6766b7454d7d/execute - {"script":"sauce:context=failing JS test - should have opened correct page","args":[]}
RESULT: {"status":0,"sessionId":"4363f89f3e4642cd80da6766b7454d7d","value":""}
COMMAND: GET https://ondemand.saucelabs.com:443/wd/hub/session/4363f89f3e4642cd80da6766b7454d7d/title - {}
RESULT: {"status":0,"sessionId":"4363f89f3e4642cd80da6766b7454d7d","value":"Jumbotron Template for Bootstrap","state":"success","hCode":19058892,"class":"org.openqa.selenium.remote.Response"}
]]>
      </system-out>
    </testcase>
    <testcase classname="firefox.latest.windows10.failing_JS_test" name="should_open_modal" time="1.899">
      <system-out>
        <![CDATA[
COMMAND: POST https://ondemand.saucelabs.com:443/wd/hub/session/4363f89f3e4642cd80da6766b7454d7d/execute - {"script":"sauce:context=failing JS test - should open modal","args":[]}
RESULT: {"status":0,"sessionId":"4363f89f3e4642cd80da6766b7454d7d","value":""}
COMMAND: POST https://ondemand.saucelabs.com:443/wd/hub/session/4363f89f3e4642cd80da6766b7454d7d/element - {"using":"id","value":"modal"}
RESULT: {"status":0,"sessionId":"4363f89f3e4642cd80da6766b7454d7d","value":{"ELEMENT":"0"},"state":"success","hCode":33371687,"class":"org.openqa.selenium.remote.Response"}
COMMAND: POST https://ondemand.saucelabs.com:443/wd/hub/session/4363f89f3e4642cd80da6766b7454d7d/element/0/click - {}
RESULT: {"status":0,"sessionId":"4363f89f3e4642cd80da6766b7454d7d","value":null,"state":"success","hCode":32107496,"class":"org.openqa.selenium.remote.Response"}
COMMAND: POST https://ondemand.saucelabs.com:443/wd/hub/session/4363f89f3e4642cd80da6766b7454d7d/element - {"using":"id","value":"exampleModalLong"}
RESULT: {"status":0,"sessionId":"4363f89f3e4642cd80da6766b7454d7d","value":{"ELEMENT":"1"},"state":"success","hCode":21089955,"class":"org.openqa.selenium.remote.Response"}
COMMAND: POST https://ondemand.saucelabs.com:443/wd/hub/session/4363f89f3e4642cd80da6766b7454d7d/elements - {"using":"id","value":"exampleModalLong"}
RESULT: {"status":0,"sessionId":"4363f89f3e4642cd80da6766b7454d7d","value":[{"ELEMENT":"1"}],"state":"success","hCode":6546902,"class":"org.openqa.selenium.remote.Response"}
COMMAND: GET https://ondemand.saucelabs.com:443/wd/hub/session/4363f89f3e4642cd80da6766b7454d7d/element/1/displayed - {}
RESULT: {"status":0,"sessionId":"4363f89f3e4642cd80da6766b7454d7d","value":true,"state":"success","hCode":16246400,"class":"org.openqa.selenium.remote.Response"}
COMMAND: POST https://ondemand.saucelabs.com:443/wd/hub/session/4363f89f3e4642cd80da6766b7454d7d/element - {"using":"id","value":"exampleModalLong"}
RESULT: {"status":0,"sessionId":"4363f89f3e4642cd80da6766b7454d7d","value":{"ELEMENT":"1"},"state":"success","hCode":20471070,"class":"org.openqa.selenium.remote.Response"}
COMMAND: GET https://ondemand.saucelabs.com:443/wd/hub/session/4363f89f3e4642cd80da6766b7454d7d/element/1/displayed - {}
RESULT: {"status":0,"sessionId":"4363f89f3e4642cd80da6766b7454d7d","value":true,"state":"success","hCode":8922936,"class":"org.openqa.selenium.remote.Response"}
COMMAND: POST https://ondemand.saucelabs.com:443/wd/hub/session/4363f89f3e4642cd80da6766b7454d7d/element - {"using":"css selector","value":"#exampleModalLong .modal-body"}
RESULT: {"status":0,"sessionId":"4363f89f3e4642cd80da6766b7454d7d","value":{"ELEMENT":"2"},"state":"success","hCode":12988355,"class":"org.openqa.selenium.remote.Response"}
COMMAND: GET https://ondemand.saucelabs.com:443/wd/hub/session/4363f89f3e4642cd80da6766b7454d7d/element/2/text - {}
RESULT: {"status":0,"sessionId":"4363f89f3e4642cd80da6766b7454d7d","value":"Hello There","state":"success","hCode":29632561,"class":"org.openqa.selenium.remote.Response"}
]]>
      </system-out>
    </testcase>
    <testcase classname="firefox.latest.windows10.failing_JS_test" name="should_close_modal" time="1.054">
      <system-out>
        <![CDATA[
COMMAND: POST https://ondemand.saucelabs.com:443/wd/hub/session/4363f89f3e4642cd80da6766b7454d7d/execute - {"script":"sauce:context=failing JS test - should close modal","args":[]}
RESULT: {"status":0,"sessionId":"4363f89f3e4642cd80da6766b7454d7d","value":""}
COMMAND: POST https://ondemand.saucelabs.com:443/wd/hub/session/4363f89f3e4642cd80da6766b7454d7d/element - {"using":"id","value":"closeit"}
RESULT: {"status":0,"sessionId":"4363f89f3e4642cd80da6766b7454d7d","value":{"ELEMENT":"3"},"state":"success","hCode":32995766,"class":"org.openqa.selenium.remote.Response"}
COMMAND: POST https://ondemand.saucelabs.com:443/wd/hub/session/4363f89f3e4642cd80da6766b7454d7d/element/3/click - {}
RESULT: {"status":0,"sessionId":"4363f89f3e4642cd80da6766b7454d7d","value":null,"state":"success","hCode":33292176,"class":"org.openqa.selenium.remote.Response"}
COMMAND: POST https://ondemand.saucelabs.com:443/wd/hub/session/4363f89f3e4642cd80da6766b7454d7d/element - {"using":"id","value":"closeit"}
RESULT: {"status":0,"sessionId":"4363f89f3e4642cd80da6766b7454d7d","value":{"ELEMENT":"3"},"state":"success","hCode":18130169,"class":"org.openqa.selenium.remote.Response"}
COMMAND: POST https://ondemand.saucelabs.com:443/wd/hub/session/4363f89f3e4642cd80da6766b7454d7d/elements - {"using":"id","value":"closeit"}
RESULT: {"status":0,"sessionId":"4363f89f3e4642cd80da6766b7454d7d","value":[{"ELEMENT":"3"}],"state":"success","hCode":33491301,"class":"org.openqa.selenium.remote.Response"}
COMMAND: GET https://ondemand.saucelabs.com:443/wd/hub/session/4363f89f3e4642cd80da6766b7454d7d/element/3/displayed - {}
RESULT: {"status":0,"sessionId":"4363f89f3e4642cd80da6766b7454d7d","value":false,"state":"success","hCode":28898434,"class":"org.openqa.selenium.remote.Response"}
]]>
      </system-out>
    </testcase>
    <testcase classname="firefox.latest.windows10.failing_JS_test" name="wait_15_seconds" time="15.063">
      <system-out>
        <![CDATA[
COMMAND: POST https://ondemand.saucelabs.com:443/wd/hub/session/4363f89f3e4642cd80da6766b7454d7d/execute - {"script":"sauce:context=failing JS test - wait 15 seconds","args":[]}
RESULT: {"status":0,"sessionId":"4363f89f3e4642cd80da6766b7454d7d","value":""}
COMMAND: DELETE https://ondemand.saucelabs.com:443/wd/hub/session/4363f89f3e4642cd80da6766b7454d7d - {}
RESULT: {"status":0,"sessionId":"4363f89f3e4642cd80da6766b7454d7d","value":""}
]]>
      </system-out>
    </testcase>
  </testsuite>
</testsuites>