<?xml version="1.0" encoding="UTF-8"?>
<testsuites>
  <testsuite name="header_test" timestamp="2018-05-15T20:11:59" time="19.122" tests="0" failures="0" errors="0" skipped="0">
    <properties>
      <property name="specId" value="11b20b9c64f4a1f645715bbfe6413ed2"/>
      <property name="suiteName" value="header test"/>
      <property name="capabilities" value="chrome.latest.windows10"/>
      <property name="file" value="./test/headertest.e2e.js"/>
    </properties>
  </testsuite>
  <testsuite name="failing_JS_test" timestamp="2018-05-15T20:11:59" time="19.121" tests="4" failures="0" errors="0" skipped="0">
    <properties>
      <property name="specId" value="11b20b9c64f4a1f645715bbfe6413ed2"/>
      <property name="suiteName" value="failing JS test"/>
      <property name="capabilities" value="chrome.latest.windows10"/>
      <property name="file" value="./test/headertest.e2e.js"/>
    </properties>
    <testcase classname="chrome.latest.windows10.failing_JS_test" name="should_have_opened_correct_page" time="0.365">
      <system-out>
        <![CDATA[
COMMAND: POST https://ondemand.saucelabs.com:443/wd/hub/session/7e2db59565214d87a1af467fc7a0fe56/execute - {"script":"sauce:context=failing JS test - should have opened correct page","args":[]}
RESULT: {"status":0,"sessionId":"7e2db59565214d87a1af467fc7a0fe56","value":""}
COMMAND: GET https://ondemand.saucelabs.com:443/wd/hub/session/7e2db59565214d87a1af467fc7a0fe56/title - {}
RESULT: {"status":0,"sessionId":"7e2db59565214d87a1af467fc7a0fe56","value":"Jumbotron Template for Bootstrap"}
]]>
      </system-out>
    </testcase>
    <testcase classname="chrome.latest.windows10.failing_JS_test" name="should_open_modal" time="1.487">
      <system-out>
        <![CDATA[
COMMAND: POST https://ondemand.saucelabs.com:443/wd/hub/session/7e2db59565214d87a1af467fc7a0fe56/execute - {"script":"sauce:context=failing JS test - should open modal","args":[]}
RESULT: {"status":0,"sessionId":"7e2db59565214d87a1af467fc7a0fe56","value":""}
COMMAND: POST https://ondemand.saucelabs.com:443/wd/hub/session/7e2db59565214d87a1af467fc7a0fe56/element - {"using":"id","value":"modal"}
RESULT: {"status":0,"sessionId":"7e2db59565214d87a1af467fc7a0fe56","value":{"ELEMENT":"0.06682887411965988-1"}}
COMMAND: POST https://ondemand.saucelabs.com:443/wd/hub/session/7e2db59565214d87a1af467fc7a0fe56/element/0.06682887411965988-1/click - {}
RESULT: {"status":0,"sessionId":"7e2db59565214d87a1af467fc7a0fe56","value":null}
COMMAND: POST https://ondemand.saucelabs.com:443/wd/hub/session/7e2db59565214d87a1af467fc7a0fe56/element - {"using":"id","value":"exampleModalLong"}
RESULT: {"status":0,"sessionId":"7e2db59565214d87a1af467fc7a0fe56","value":{"ELEMENT":"0.06682887411965988-2"}}
COMMAND: POST https://ondemand.saucelabs.com:443/wd/hub/session/7e2db59565214d87a1af467fc7a0fe56/elements - {"using":"id","value":"exampleModalLong"}
RESULT: {"status":0,"sessionId":"7e2db59565214d87a1af467fc7a0fe56","value":[{"ELEMENT":"0.06682887411965988-2"}]}
COMMAND: GET https://ondemand.saucelabs.com:443/wd/hub/session/7e2db59565214d87a1af467fc7a0fe56/element/0.06682887411965988-2/displayed - {}
RESULT: {"status":0,"sessionId":"7e2db59565214d87a1af467fc7a0fe56","value":true}
COMMAND: POST https://ondemand.saucelabs.com:443/wd/hub/session/7e2db59565214d87a1af467fc7a0fe56/element - {"using":"id","value":"exampleModalLong"}
RESULT: {"status":0,"sessionId":"7e2db59565214d87a1af467fc7a0fe56","value":{"ELEMENT":"0.06682887411965988-2"}}
COMMAND: GET https://ondemand.saucelabs.com:443/wd/hub/session/7e2db59565214d87a1af467fc7a0fe56/element/0.06682887411965988-2/displayed - {}
RESULT: {"status":0,"sessionId":"7e2db59565214d87a1af467fc7a0fe56","value":true}
COMMAND: POST https://ondemand.saucelabs.com:443/wd/hub/session/7e2db59565214d87a1af467fc7a0fe56/element - {"using":"css selector","value":"#exampleModalLong .modal-body"}
RESULT: {"status":0,"sessionId":"7e2db59565214d87a1af467fc7a0fe56","value":{"ELEMENT":"0.06682887411965988-3"}}
COMMAND: GET https://ondemand.saucelabs.com:443/wd/hub/session/7e2db59565214d87a1af467fc7a0fe56/element/0.06682887411965988-3/text - {}
RESULT: {"status":0,"sessionId":"7e2db59565214d87a1af467fc7a0fe56","value":"Hello There"}
]]>
      </system-out>
    </testcase>
    <testcase classname="chrome.latest.windows10.failing_JS_test" name="should_close_modal" time="0.895">
      <system-out>
        <![CDATA[
COMMAND: POST https://ondemand.saucelabs.com:443/wd/hub/session/7e2db59565214d87a1af467fc7a0fe56/execute - {"script":"sauce:context=failing JS test - should close modal","args":[]}
RESULT: {"status":0,"sessionId":"7e2db59565214d87a1af467fc7a0fe56","value":""}
COMMAND: POST https://ondemand.saucelabs.com:443/wd/hub/session/7e2db59565214d87a1af467fc7a0fe56/element - {"using":"id","value":"closeit"}
RESULT: {"status":0,"sessionId":"7e2db59565214d87a1af467fc7a0fe56","value":{"ELEMENT":"0.06682887411965988-4"}}
COMMAND: POST https://ondemand.saucelabs.com:443/wd/hub/session/7e2db59565214d87a1af467fc7a0fe56/element/0.06682887411965988-4/click - {}
RESULT: {"status":0,"sessionId":"7e2db59565214d87a1af467fc7a0fe56","value":null}
COMMAND: POST https://ondemand.saucelabs.com:443/wd/hub/session/7e2db59565214d87a1af467fc7a0fe56/element - {"using":"id","value":"closeit"}
RESULT: {"status":0,"sessionId":"7e2db59565214d87a1af467fc7a0fe56","value":{"ELEMENT":"0.06682887411965988-4"}}
COMMAND: POST https://ondemand.saucelabs.com:443/wd/hub/session/7e2db59565214d87a1af467fc7a0fe56/elements - {"using":"id","value":"closeit"}
RESULT: {"status":0,"sessionId":"7e2db59565214d87a1af467fc7a0fe56","value":[{"ELEMENT":"0.06682887411965988-4"}]}
COMMAND: GET https://ondemand.saucelabs.com:443/wd/hub/session/7e2db59565214d87a1af467fc7a0fe56/element/0.06682887411965988-4/displayed - {}
RESULT: {"status":0,"sessionId":"7e2db59565214d87a1af467fc7a0fe56","value":false}
]]>
      </system-out>
    </testcase>
    <testcase classname="chrome.latest.windows10.failing_JS_test" name="wait_15_seconds" time="15.064">
      <system-out>
        <![CDATA[
COMMAND: POST https://ondemand.saucelabs.com:443/wd/hub/session/7e2db59565214d87a1af467fc7a0fe56/execute - {"script":"sauce:context=failing JS test - wait 15 seconds","args":[]}
RESULT: {"status":0,"sessionId":"7e2db59565214d87a1af467fc7a0fe56","value":""}
COMMAND: DELETE https://ondemand.saucelabs.com:443/wd/hub/session/7e2db59565214d87a1af467fc7a0fe56 - {}
RESULT: {"status":0,"sessionId":"7e2db59565214d87a1af467fc7a0fe56","value":""}
]]>
      </system-out>
    </testcase>
  </testsuite>
</testsuites>