<?xml version="1.0" encoding="UTF-8"?>
<testsuites>
  <testsuite name="site_test" timestamp="2018-05-15T21:54:23" time="3.843" tests="0" failures="0" errors="0" skipped="0">
    <properties>
      <property name="specId" value="9613df101bf80eff11a2c34c83e4dbfe"/>
      <property name="suiteName" value="site test"/>
      <property name="capabilities" value="chrome.latest-2.windows10"/>
      <property name="file" value="./test/test1.e2e.js"/>
    </properties>
  </testsuite>
  <testsuite name="failing_JS_test" timestamp="2018-05-15T21:54:23" time="3.843" tests="3" failures="0" errors="0" skipped="0">
    <properties>
      <property name="specId" value="9613df101bf80eff11a2c34c83e4dbfe"/>
      <property name="suiteName" value="failing JS test"/>
      <property name="capabilities" value="chrome.latest-2.windows10"/>
      <property name="file" value="./test/test1.e2e.js"/>
    </properties>
    <testcase classname="chrome.latest-2.windows10.failing_JS_test" name="should_have_opened_correct_page" time="0.127">
      <system-out>
        <![CDATA[
COMMAND: POST https://ondemand.saucelabs.com:443/wd/hub/session/72a1ec82396142e7a4cdbaf53ed4608b/execute - {"script":"sauce:context=failing JS test - should have opened correct page","args":[]}
RESULT: {"status":0,"sessionId":"72a1ec82396142e7a4cdbaf53ed4608b","value":""}
COMMAND: GET https://ondemand.saucelabs.com:443/wd/hub/session/72a1ec82396142e7a4cdbaf53ed4608b/title - {}
RESULT: {"status":0,"sessionId":"72a1ec82396142e7a4cdbaf53ed4608b","value":"Jumbotron Template for Bootstrap"}
]]>
      </system-out>
    </testcase>
    <testcase classname="chrome.latest-2.windows10.failing_JS_test" name="should_open_modal" time="1.528">
      <system-out>
        <![CDATA[
COMMAND: POST https://ondemand.saucelabs.com:443/wd/hub/session/72a1ec82396142e7a4cdbaf53ed4608b/execute - {"script":"sauce:context=failing JS test - should open modal","args":[]}
RESULT: {"status":0,"sessionId":"72a1ec82396142e7a4cdbaf53ed4608b","value":""}
COMMAND: POST https://ondemand.saucelabs.com:443/wd/hub/session/72a1ec82396142e7a4cdbaf53ed4608b/element - {"using":"id","value":"modal"}
RESULT: {"status":0,"sessionId":"72a1ec82396142e7a4cdbaf53ed4608b","value":{"ELEMENT":"0.8289677417067636-1"}}
COMMAND: POST https://ondemand.saucelabs.com:443/wd/hub/session/72a1ec82396142e7a4cdbaf53ed4608b/element/0.8289677417067636-1/click - {}
RESULT: {"status":0,"sessionId":"72a1ec82396142e7a4cdbaf53ed4608b","value":null}
COMMAND: POST https://ondemand.saucelabs.com:443/wd/hub/session/72a1ec82396142e7a4cdbaf53ed4608b/element - {"using":"id","value":"exampleModalLong"}
RESULT: {"status":0,"sessionId":"72a1ec82396142e7a4cdbaf53ed4608b","value":{"ELEMENT":"0.8289677417067636-2"}}
COMMAND: POST https://ondemand.saucelabs.com:443/wd/hub/session/72a1ec82396142e7a4cdbaf53ed4608b/elements - {"using":"id","value":"exampleModalLong"}
RESULT: {"status":0,"sessionId":"72a1ec82396142e7a4cdbaf53ed4608b","value":[{"ELEMENT":"0.8289677417067636-2"}]}
COMMAND: GET https://ondemand.saucelabs.com:443/wd/hub/session/72a1ec82396142e7a4cdbaf53ed4608b/element/0.8289677417067636-2/displayed - {}
RESULT: {"status":0,"sessionId":"72a1ec82396142e7a4cdbaf53ed4608b","value":true}
COMMAND: POST https://ondemand.saucelabs.com:443/wd/hub/session/72a1ec82396142e7a4cdbaf53ed4608b/element - {"using":"id","value":"exampleModalLong"}
RESULT: {"status":0,"sessionId":"72a1ec82396142e7a4cdbaf53ed4608b","value":{"ELEMENT":"0.8289677417067636-2"}}
COMMAND: GET https://ondemand.saucelabs.com:443/wd/hub/session/72a1ec82396142e7a4cdbaf53ed4608b/element/0.8289677417067636-2/displayed - {}
RESULT: {"status":0,"sessionId":"72a1ec82396142e7a4cdbaf53ed4608b","value":true}
COMMAND: POST https://ondemand.saucelabs.com:443/wd/hub/session/72a1ec82396142e7a4cdbaf53ed4608b/element - {"using":"css selector","value":"#exampleModalLong .modal-body"}
RESULT: {"status":0,"sessionId":"72a1ec82396142e7a4cdbaf53ed4608b","value":{"ELEMENT":"0.8289677417067636-3"}}
COMMAND: GET https://ondemand.saucelabs.com:443/wd/hub/session/72a1ec82396142e7a4cdbaf53ed4608b/element/0.8289677417067636-3/text - {}
RESULT: {"status":0,"sessionId":"72a1ec82396142e7a4cdbaf53ed4608b","value":"Hello There"}
]]>
      </system-out>
    </testcase>
    <testcase classname="chrome.latest-2.windows10.failing_JS_test" name="should_close_modal" time="0.926">
      <system-out>
        <![CDATA[
COMMAND: POST https://ondemand.saucelabs.com:443/wd/hub/session/72a1ec82396142e7a4cdbaf53ed4608b/execute - {"script":"sauce:context=failing JS test - should close modal","args":[]}
RESULT: {"status":0,"sessionId":"72a1ec82396142e7a4cdbaf53ed4608b","value":""}
COMMAND: POST https://ondemand.saucelabs.com:443/wd/hub/session/72a1ec82396142e7a4cdbaf53ed4608b/element - {"using":"id","value":"closeit"}
RESULT: {"status":0,"sessionId":"72a1ec82396142e7a4cdbaf53ed4608b","value":{"ELEMENT":"0.8289677417067636-4"}}
COMMAND: POST https://ondemand.saucelabs.com:443/wd/hub/session/72a1ec82396142e7a4cdbaf53ed4608b/element/0.8289677417067636-4/click - {}
RESULT: {"status":0,"sessionId":"72a1ec82396142e7a4cdbaf53ed4608b","value":null}
COMMAND: POST https://ondemand.saucelabs.com:443/wd/hub/session/72a1ec82396142e7a4cdbaf53ed4608b/element - {"using":"id","value":"closeit"}
RESULT: {"status":0,"sessionId":"72a1ec82396142e7a4cdbaf53ed4608b","value":{"ELEMENT":"0.8289677417067636-4"}}
COMMAND: POST https://ondemand.saucelabs.com:443/wd/hub/session/72a1ec82396142e7a4cdbaf53ed4608b/elements - {"using":"id","value":"closeit"}
RESULT: {"status":0,"sessionId":"72a1ec82396142e7a4cdbaf53ed4608b","value":[{"ELEMENT":"0.8289677417067636-4"}]}
COMMAND: GET https://ondemand.saucelabs.com:443/wd/hub/session/72a1ec82396142e7a4cdbaf53ed4608b/element/0.8289677417067636-4/displayed - {}
RESULT: {"status":0,"sessionId":"72a1ec82396142e7a4cdbaf53ed4608b","value":false}
COMMAND: DELETE https://ondemand.saucelabs.com:443/wd/hub/session/72a1ec82396142e7a4cdbaf53ed4608b - {}
RESULT: {"status":0,"sessionId":"72a1ec82396142e7a4cdbaf53ed4608b","value":""}
]]>
      </system-out>
    </testcase>
  </testsuite>
</testsuites>