<?xml version="1.0" encoding="UTF-8"?>
<testsuites>
  <testsuite name="flaky_login_test" timestamp="2018-05-15T21:54:20" time="3.713" tests="1" failures="0" errors="0" skipped="0">
    <properties>
      <property name="specId" value="cd49b32b0ec4a90901953dbc482c95ea"/>
      <property name="suiteName" value="flaky login test"/>
      <property name="capabilities" value="chrome.latest-1.windows10"/>
      <property name="file" value="./test/logintest7.e2e.js"/>
    </properties>
    <testcase classname="chrome.latest-1.windows10.flaky_login_test" name="should_try_to_login" time="2.498">
      <system-out>
        <![CDATA[
COMMAND: POST https://ondemand.saucelabs.com:443/wd/hub/session/a8b111c245d346e0b7f4fc9b2b587051/execute - {"script":"sauce:context=flaky login test - should try to login","args":[]}
RESULT: {"status":0,"sessionId":"a8b111c245d346e0b7f4fc9b2b587051","value":""}
COMMAND: POST https://ondemand.saucelabs.com:443/wd/hub/session/a8b111c245d346e0b7f4fc9b2b587051/element - {"using":"id","value":"username"}
RESULT: {"status":0,"sessionId":"a8b111c245d346e0b7f4fc9b2b587051","value":{"ELEMENT":"0.658463211308566-1"}}
COMMAND: POST https://ondemand.saucelabs.com:443/wd/hub/session/a8b111c245d346e0b7f4fc9b2b587051/element/0.658463211308566-1/clear - {}
RESULT: {"status":0,"sessionId":"a8b111c245d346e0b7f4fc9b2b587051","value":null}
COMMAND: POST https://ondemand.saucelabs.com:443/wd/hub/session/a8b111c245d346e0b7f4fc9b2b587051/element/0.658463211308566-1/value - {"value":["a","d","m","i","n"],"text":"admin"}
RESULT: {"status":0,"sessionId":"a8b111c245d346e0b7f4fc9b2b587051","value":null}
COMMAND: POST https://ondemand.saucelabs.com:443/wd/hub/session/a8b111c245d346e0b7f4fc9b2b587051/element - {"using":"id","value":"password"}
RESULT: {"status":0,"sessionId":"a8b111c245d346e0b7f4fc9b2b587051","value":{"ELEMENT":"0.658463211308566-2"}}
COMMAND: POST https://ondemand.saucelabs.com:443/wd/hub/session/a8b111c245d346e0b7f4fc9b2b587051/element/0.658463211308566-2/clear - {}
RESULT: {"status":0,"sessionId":"a8b111c245d346e0b7f4fc9b2b587051","value":null}
COMMAND: POST https://ondemand.saucelabs.com:443/wd/hub/session/a8b111c245d346e0b7f4fc9b2b587051/element/0.658463211308566-2/value - {"value":["m","y","s","u","p","e","r","s","e","c","(11 more items)"],"text":"mysupersecretpassword"}
RESULT: {"status":0,"sessionId":"a8b111c245d346e0b7f4fc9b2b587051","value":null}
COMMAND: POST https://ondemand.saucelabs.com:443/wd/hub/session/a8b111c245d346e0b7f4fc9b2b587051/element - {"using":"id","value":"login"}
RESULT: {"status":0,"sessionId":"a8b111c245d346e0b7f4fc9b2b587051","value":{"ELEMENT":"0.658463211308566-3"}}
COMMAND: POST https://ondemand.saucelabs.com:443/wd/hub/session/a8b111c245d346e0b7f4fc9b2b587051/element/0.658463211308566-3/click - {}
RESULT: {"status":0,"sessionId":"a8b111c245d346e0b7f4fc9b2b587051","value":null}
COMMAND: GET https://ondemand.saucelabs.com:443/wd/hub/session/a8b111c245d346e0b7f4fc9b2b587051/title - {}
RESULT: {"status":0,"sessionId":"a8b111c245d346e0b7f4fc9b2b587051","value":"Admin Area"}
COMMAND: DELETE https://ondemand.saucelabs.com:443/wd/hub/session/a8b111c245d346e0b7f4fc9b2b587051 - {}
RESULT: {"status":0,"sessionId":"a8b111c245d346e0b7f4fc9b2b587051","value":""}
]]>
      </system-out>
    </testcase>
  </testsuite>
</testsuites>