<?xml version="1.0" encoding="UTF-8"?>
<testsuites>
  <testsuite name="header_test" timestamp="2018-05-15T21:53:59" time="18.672" tests="0" failures="0" errors="0" skipped="0">
    <properties>
      <property name="specId" value="d40f0c0af00f49ea8e397640812aeead"/>
      <property name="suiteName" value="header test"/>
      <property name="capabilities" value="chrome.latest-1.windows10"/>
      <property name="file" value="./test/headertest1.e2e.js"/>
    </properties>
  </testsuite>
  <testsuite name="failing_JS_test" timestamp="2018-05-15T21:53:59" time="18.67" tests="4" failures="0" errors="0" skipped="0">
    <properties>
      <property name="specId" value="d40f0c0af00f49ea8e397640812aeead"/>
      <property name="suiteName" value="failing JS test"/>
      <property name="capabilities" value="chrome.latest-1.windows10"/>
      <property name="file" value="./test/headertest1.e2e.js"/>
    </properties>
    <testcase classname="chrome.latest-1.windows10.failing_JS_test" name="should_have_opened_correct_page" time="0.141">
      <system-out>
        <![CDATA[
COMMAND: POST https://ondemand.saucelabs.com:443/wd/hub/session/c46afbc851ba41c39c143b5dc9c6deb7/execute - {"script":"sauce:context=failing JS test - should have opened correct page","args":[]}
RESULT: {"status":0,"sessionId":"c46afbc851ba41c39c143b5dc9c6deb7","value":""}
COMMAND: GET https://ondemand.saucelabs.com:443/wd/hub/session/c46afbc851ba41c39c143b5dc9c6deb7/title - {}
RESULT: {"status":0,"sessionId":"c46afbc851ba41c39c143b5dc9c6deb7","value":"Jumbotron Template for Bootstrap"}
]]>
      </system-out>
    </testcase>
    <testcase classname="chrome.latest-1.windows10.failing_JS_test" name="should_open_modal" time="1.401">
      <system-out>
        <![CDATA[
COMMAND: POST https://ondemand.saucelabs.com:443/wd/hub/session/c46afbc851ba41c39c143b5dc9c6deb7/execute - {"script":"sauce:context=failing JS test - should open modal","args":[]}
RESULT: {"status":0,"sessionId":"c46afbc851ba41c39c143b5dc9c6deb7","value":""}
COMMAND: POST https://ondemand.saucelabs.com:443/wd/hub/session/c46afbc851ba41c39c143b5dc9c6deb7/element - {"using":"id","value":"modal"}
RESULT: {"status":0,"sessionId":"c46afbc851ba41c39c143b5dc9c6deb7","value":{"ELEMENT":"0.4712099636134264-1"}}
COMMAND: POST https://ondemand.saucelabs.com:443/wd/hub/session/c46afbc851ba41c39c143b5dc9c6deb7/element/0.4712099636134264-1/click - {}
RESULT: {"status":0,"sessionId":"c46afbc851ba41c39c143b5dc9c6deb7","value":null}
COMMAND: POST https://ondemand.saucelabs.com:443/wd/hub/session/c46afbc851ba41c39c143b5dc9c6deb7/element - {"using":"id","value":"exampleModalLong"}
RESULT: {"status":0,"sessionId":"c46afbc851ba41c39c143b5dc9c6deb7","value":{"ELEMENT":"0.4712099636134264-2"}}
COMMAND: POST https://ondemand.saucelabs.com:443/wd/hub/session/c46afbc851ba41c39c143b5dc9c6deb7/elements - {"using":"id","value":"exampleModalLong"}
RESULT: {"status":0,"sessionId":"c46afbc851ba41c39c143b5dc9c6deb7","value":[{"ELEMENT":"0.4712099636134264-2"}]}
COMMAND: GET https://ondemand.saucelabs.com:443/wd/hub/session/c46afbc851ba41c39c143b5dc9c6deb7/element/0.4712099636134264-2/displayed - {}
RESULT: {"status":0,"sessionId":"c46afbc851ba41c39c143b5dc9c6deb7","value":true}
COMMAND: POST https://ondemand.saucelabs.com:443/wd/hub/session/c46afbc851ba41c39c143b5dc9c6deb7/element - {"using":"id","value":"exampleModalLong"}
RESULT: {"status":0,"sessionId":"c46afbc851ba41c39c143b5dc9c6deb7","value":{"ELEMENT":"0.4712099636134264-2"}}
COMMAND: GET https://ondemand.saucelabs.com:443/wd/hub/session/c46afbc851ba41c39c143b5dc9c6deb7/element/0.4712099636134264-2/displayed - {}
RESULT: {"status":0,"sessionId":"c46afbc851ba41c39c143b5dc9c6deb7","value":true}
COMMAND: POST https://ondemand.saucelabs.com:443/wd/hub/session/c46afbc851ba41c39c143b5dc9c6deb7/element - {"using":"css selector","value":"#exampleModalLong .modal-body"}
RESULT: {"status":0,"sessionId":"c46afbc851ba41c39c143b5dc9c6deb7","value":{"ELEMENT":"0.4712099636134264-3"}}
COMMAND: GET https://ondemand.saucelabs.com:443/wd/hub/session/c46afbc851ba41c39c143b5dc9c6deb7/element/0.4712099636134264-3/text - {}
RESULT: {"status":0,"sessionId":"c46afbc851ba41c39c143b5dc9c6deb7","value":"Hello There"}
]]>
      </system-out>
    </testcase>
    <testcase classname="chrome.latest-1.windows10.failing_JS_test" name="should_close_modal" time="0.921">
      <system-out>
        <![CDATA[
COMMAND: POST https://ondemand.saucelabs.com:443/wd/hub/session/c46afbc851ba41c39c143b5dc9c6deb7/execute - {"script":"sauce:context=failing JS test - should close modal","args":[]}
RESULT: {"status":0,"sessionId":"c46afbc851ba41c39c143b5dc9c6deb7","value":""}
COMMAND: POST https://ondemand.saucelabs.com:443/wd/hub/session/c46afbc851ba41c39c143b5dc9c6deb7/element - {"using":"id","value":"closeit"}
RESULT: {"status":0,"sessionId":"c46afbc851ba41c39c143b5dc9c6deb7","value":{"ELEMENT":"0.4712099636134264-4"}}
COMMAND: POST https://ondemand.saucelabs.com:443/wd/hub/session/c46afbc851ba41c39c143b5dc9c6deb7/element/0.4712099636134264-4/click - {}
RESULT: {"status":0,"sessionId":"c46afbc851ba41c39c143b5dc9c6deb7","value":null}
COMMAND: POST https://ondemand.saucelabs.com:443/wd/hub/session/c46afbc851ba41c39c143b5dc9c6deb7/element - {"using":"id","value":"closeit"}
RESULT: {"status":0,"sessionId":"c46afbc851ba41c39c143b5dc9c6deb7","value":{"ELEMENT":"0.4712099636134264-4"}}
COMMAND: POST https://ondemand.saucelabs.com:443/wd/hub/session/c46afbc851ba41c39c143b5dc9c6deb7/elements - {"using":"id","value":"closeit"}
RESULT: {"status":0,"sessionId":"c46afbc851ba41c39c143b5dc9c6deb7","value":[{"ELEMENT":"0.4712099636134264-4"}]}
COMMAND: GET https://ondemand.saucelabs.com:443/wd/hub/session/c46afbc851ba41c39c143b5dc9c6deb7/element/0.4712099636134264-4/displayed - {}
RESULT: {"status":0,"sessionId":"c46afbc851ba41c39c143b5dc9c6deb7","value":false}
]]>
      </system-out>
    </testcase>
    <testcase classname="chrome.latest-1.windows10.failing_JS_test" name="wait_15_seconds" time="15.074">
      <system-out>
        <![CDATA[
COMMAND: POST https://ondemand.saucelabs.com:443/wd/hub/session/c46afbc851ba41c39c143b5dc9c6deb7/execute - {"script":"sauce:context=failing JS test - wait 15 seconds","args":[]}
RESULT: {"status":0,"sessionId":"c46afbc851ba41c39c143b5dc9c6deb7","value":""}
COMMAND: DELETE https://ondemand.saucelabs.com:443/wd/hub/session/c46afbc851ba41c39c143b5dc9c6deb7 - {}
RESULT: {"status":0,"sessionId":"c46afbc851ba41c39c143b5dc9c6deb7","value":""}
]]>
      </system-out>
    </testcase>
  </testsuite>
</testsuites>