<?xml version="1.0" encoding="UTF-8"?>
<testsuites>
  <testsuite name="header_test" timestamp="2018-05-15T20:12:03" time="18.687" tests="0" failures="0" errors="0" skipped="0">
    <properties>
      <property name="specId" value="c6e71beac7686758baf748f93b368e5f"/>
      <property name="suiteName" value="header test"/>
      <property name="capabilities" value="firefox.latest.windows10"/>
      <property name="file" value="./test/headertest3.e2e.js"/>
    </properties>
  </testsuite>
  <testsuite name="failing_JS_test" timestamp="2018-05-15T20:12:03" time="18.686" tests="4" failures="0" errors="0" skipped="0">
    <properties>
      <property name="specId" value="c6e71beac7686758baf748f93b368e5f"/>
      <property name="suiteName" value="failing JS test"/>
      <property name="capabilities" value="firefox.latest.windows10"/>
      <property name="file" value="./test/headertest3.e2e.js"/>
    </properties>
    <testcase classname="firefox.latest.windows10.failing_JS_test" name="should_have_opened_correct_page" time="0.216">
      <system-out>
        <![CDATA[
COMMAND: POST https://ondemand.saucelabs.com:443/wd/hub/session/2c238d3608b4464db7e0ddfdcc74e81c/execute - {"script":"sauce:context=failing JS test - should have opened correct page","args":[]}
RESULT: {"status":0,"sessionId":"2c238d3608b4464db7e0ddfdcc74e81c","value":""}
COMMAND: GET https://ondemand.saucelabs.com:443/wd/hub/session/2c238d3608b4464db7e0ddfdcc74e81c/title - {}
RESULT: {"status":0,"sessionId":"2c238d3608b4464db7e0ddfdcc74e81c","value":"Jumbotron Template for Bootstrap","state":"success","hCode":30499035,"class":"org.openqa.selenium.remote.Response"}
]]>
      </system-out>
    </testcase>
    <testcase classname="firefox.latest.windows10.failing_JS_test" name="should_open_modal" time="1.25">
      <system-out>
        <![CDATA[
COMMAND: POST https://ondemand.saucelabs.com:443/wd/hub/session/2c238d3608b4464db7e0ddfdcc74e81c/execute - {"script":"sauce:context=failing JS test - should open modal","args":[]}
RESULT: {"status":0,"sessionId":"2c238d3608b4464db7e0ddfdcc74e81c","value":""}
COMMAND: POST https://ondemand.saucelabs.com:443/wd/hub/session/2c238d3608b4464db7e0ddfdcc74e81c/element - {"using":"id","value":"modal"}
RESULT: {"status":0,"sessionId":"2c238d3608b4464db7e0ddfdcc74e81c","value":{"ELEMENT":"0"},"state":"success","hCode":10590766,"class":"org.openqa.selenium.remote.Response"}
COMMAND: POST https://ondemand.saucelabs.com:443/wd/hub/session/2c238d3608b4464db7e0ddfdcc74e81c/element/0/click - {}
RESULT: {"status":0,"sessionId":"2c238d3608b4464db7e0ddfdcc74e81c","value":null,"state":"success","hCode":32302902,"class":"org.openqa.selenium.remote.Response"}
COMMAND: POST https://ondemand.saucelabs.com:443/wd/hub/session/2c238d3608b4464db7e0ddfdcc74e81c/element - {"using":"id","value":"exampleModalLong"}
RESULT: {"status":0,"sessionId":"2c238d3608b4464db7e0ddfdcc74e81c","value":{"ELEMENT":"1"},"state":"success","hCode":4566239,"class":"org.openqa.selenium.remote.Response"}
COMMAND: POST https://ondemand.saucelabs.com:443/wd/hub/session/2c238d3608b4464db7e0ddfdcc74e81c/elements - {"using":"id","value":"exampleModalLong"}
RESULT: {"status":0,"sessionId":"2c238d3608b4464db7e0ddfdcc74e81c","value":[{"ELEMENT":"1"}],"state":"success","hCode":21544148,"class":"org.openqa.selenium.remote.Response"}
COMMAND: GET https://ondemand.saucelabs.com:443/wd/hub/session/2c238d3608b4464db7e0ddfdcc74e81c/element/1/displayed - {}
RESULT: {"status":0,"sessionId":"2c238d3608b4464db7e0ddfdcc74e81c","value":true,"state":"success","hCode":16246400,"class":"org.openqa.selenium.remote.Response"}
COMMAND: POST https://ondemand.saucelabs.com:443/wd/hub/session/2c238d3608b4464db7e0ddfdcc74e81c/element - {"using":"id","value":"exampleModalLong"}
RESULT: {"status":0,"sessionId":"2c238d3608b4464db7e0ddfdcc74e81c","value":{"ELEMENT":"1"},"state":"success","hCode":31867017,"class":"org.openqa.selenium.remote.Response"}
COMMAND: GET https://ondemand.saucelabs.com:443/wd/hub/session/2c238d3608b4464db7e0ddfdcc74e81c/element/1/displayed - {}
RESULT: {"status":0,"sessionId":"2c238d3608b4464db7e0ddfdcc74e81c","value":true,"state":"success","hCode":2555433,"class":"org.openqa.selenium.remote.Response"}
COMMAND: POST https://ondemand.saucelabs.com:443/wd/hub/session/2c238d3608b4464db7e0ddfdcc74e81c/element - {"using":"css selector","value":"#exampleModalLong .modal-body"}
RESULT: {"status":0,"sessionId":"2c238d3608b4464db7e0ddfdcc74e81c","value":{"ELEMENT":"2"},"state":"success","hCode":13695160,"class":"org.openqa.selenium.remote.Response"}
COMMAND: GET https://ondemand.saucelabs.com:443/wd/hub/session/2c238d3608b4464db7e0ddfdcc74e81c/element/2/text - {}
RESULT: {"status":0,"sessionId":"2c238d3608b4464db7e0ddfdcc74e81c","value":"Hello There","state":"success","hCode":20486263,"class":"org.openqa.selenium.remote.Response"}
]]>
      </system-out>
    </testcase>
    <testcase classname="firefox.latest.windows10.failing_JS_test" name="should_close_modal" time="0.907">
      <system-out>
        <![CDATA[
COMMAND: POST https://ondemand.saucelabs.com:443/wd/hub/session/2c238d3608b4464db7e0ddfdcc74e81c/execute - {"script":"sauce:context=failing JS test - should close modal","args":[]}
RESULT: {"status":0,"sessionId":"2c238d3608b4464db7e0ddfdcc74e81c","value":""}
COMMAND: POST https://ondemand.saucelabs.com:443/wd/hub/session/2c238d3608b4464db7e0ddfdcc74e81c/element - {"using":"id","value":"closeit"}
RESULT: {"status":0,"sessionId":"2c238d3608b4464db7e0ddfdcc74e81c","value":{"ELEMENT":"3"},"state":"success","hCode":26697556,"class":"org.openqa.selenium.remote.Response"}
COMMAND: POST https://ondemand.saucelabs.com:443/wd/hub/session/2c238d3608b4464db7e0ddfdcc74e81c/element/3/click - {}
RESULT: {"status":0,"sessionId":"2c238d3608b4464db7e0ddfdcc74e81c","value":null,"state":"success","hCode":12988355,"class":"org.openqa.selenium.remote.Response"}
COMMAND: POST https://ondemand.saucelabs.com:443/wd/hub/session/2c238d3608b4464db7e0ddfdcc74e81c/element - {"using":"id","value":"closeit"}
RESULT: {"status":0,"sessionId":"2c238d3608b4464db7e0ddfdcc74e81c","value":{"ELEMENT":"3"},"state":"success","hCode":12352916,"class":"org.openqa.selenium.remote.Response"}
COMMAND: POST https://ondemand.saucelabs.com:443/wd/hub/session/2c238d3608b4464db7e0ddfdcc74e81c/elements - {"using":"id","value":"closeit"}
RESULT: {"status":0,"sessionId":"2c238d3608b4464db7e0ddfdcc74e81c","value":[{"ELEMENT":"3"}],"state":"success","hCode":2823015,"class":"org.openqa.selenium.remote.Response"}
COMMAND: GET https://ondemand.saucelabs.com:443/wd/hub/session/2c238d3608b4464db7e0ddfdcc74e81c/element/3/displayed - {}
RESULT: {"status":0,"sessionId":"2c238d3608b4464db7e0ddfdcc74e81c","value":false,"state":"success","hCode":28196813,"class":"org.openqa.selenium.remote.Response"}
]]>
      </system-out>
    </testcase>
    <testcase classname="firefox.latest.windows10.failing_JS_test" name="wait_15_seconds" time="15.102">
      <system-out>
        <![CDATA[
COMMAND: POST https://ondemand.saucelabs.com:443/wd/hub/session/2c238d3608b4464db7e0ddfdcc74e81c/execute - {"script":"sauce:context=failing JS test - wait 15 seconds","args":[]}
RESULT: {"status":0,"sessionId":"2c238d3608b4464db7e0ddfdcc74e81c","value":""}
COMMAND: DELETE https://ondemand.saucelabs.com:443/wd/hub/session/2c238d3608b4464db7e0ddfdcc74e81c - {}
RESULT: {"status":0,"sessionId":"2c238d3608b4464db7e0ddfdcc74e81c","value":""}
]]>
      </system-out>
    </testcase>
  </testsuite>
</testsuites>