<?xml version="1.0" encoding="UTF-8"?>
<testsuites>
  <testsuite name="flaky_login_test" timestamp="2018-05-15T21:54:07" time="4.878" tests="1" failures="0" errors="0" skipped="0">
    <properties>
      <property name="specId" value="79fb5ab8b27d3b43e1441598980bd9b9"/>
      <property name="suiteName" value="flaky login test"/>
      <property name="capabilities" value="chrome.latest-2.windows10"/>
      <property name="file" value="./test/logintest4.e2e.js"/>
    </properties>
    <testcase classname="chrome.latest-2.windows10.flaky_login_test" name="should_try_to_login" time="3.596">
      <system-out>
        <![CDATA[
COMMAND: POST https://ondemand.saucelabs.com:443/wd/hub/session/0c1f0939b65043418c672704e50ce7c9/execute - {"script":"sauce:context=flaky login test - should try to login","args":[]}
RESULT: {"status":0,"sessionId":"0c1f0939b65043418c672704e50ce7c9","value":""}
COMMAND: POST https://ondemand.saucelabs.com:443/wd/hub/session/0c1f0939b65043418c672704e50ce7c9/element - {"using":"id","value":"username"}
RESULT: {"status":0,"sessionId":"0c1f0939b65043418c672704e50ce7c9","value":{"ELEMENT":"0.5000482633110002-1"}}
COMMAND: POST https://ondemand.saucelabs.com:443/wd/hub/session/0c1f0939b65043418c672704e50ce7c9/element/0.5000482633110002-1/clear - {}
RESULT: {"status":0,"sessionId":"0c1f0939b65043418c672704e50ce7c9","value":null}
COMMAND: POST https://ondemand.saucelabs.com:443/wd/hub/session/0c1f0939b65043418c672704e50ce7c9/element/0.5000482633110002-1/value - {"value":["a","d","m","i","n"],"text":"admin"}
RESULT: {"status":0,"sessionId":"0c1f0939b65043418c672704e50ce7c9","value":null}
COMMAND: POST https://ondemand.saucelabs.com:443/wd/hub/session/0c1f0939b65043418c672704e50ce7c9/element - {"using":"id","value":"password"}
RESULT: {"status":0,"sessionId":"0c1f0939b65043418c672704e50ce7c9","value":{"ELEMENT":"0.5000482633110002-2"}}
COMMAND: POST https://ondemand.saucelabs.com:443/wd/hub/session/0c1f0939b65043418c672704e50ce7c9/element/0.5000482633110002-2/clear - {}
RESULT: {"status":0,"sessionId":"0c1f0939b65043418c672704e50ce7c9","value":null}
COMMAND: POST https://ondemand.saucelabs.com:443/wd/hub/session/0c1f0939b65043418c672704e50ce7c9/element/0.5000482633110002-2/value - {"value":["m","y","s","u","p","e","r","s","e","c","(11 more items)"],"text":"mysupersecretpassword"}
RESULT: {"status":0,"sessionId":"0c1f0939b65043418c672704e50ce7c9","value":null}
COMMAND: POST https://ondemand.saucelabs.com:443/wd/hub/session/0c1f0939b65043418c672704e50ce7c9/element - {"using":"id","value":"login"}
RESULT: {"status":0,"sessionId":"0c1f0939b65043418c672704e50ce7c9","value":{"ELEMENT":"0.5000482633110002-3"}}
COMMAND: POST https://ondemand.saucelabs.com:443/wd/hub/session/0c1f0939b65043418c672704e50ce7c9/element/0.5000482633110002-3/click - {}
RESULT: {"status":0,"sessionId":"0c1f0939b65043418c672704e50ce7c9","value":null}
COMMAND: GET https://ondemand.saucelabs.com:443/wd/hub/session/0c1f0939b65043418c672704e50ce7c9/title - {}
RESULT: {"status":0,"sessionId":"0c1f0939b65043418c672704e50ce7c9","value":"Admin Area"}
COMMAND: DELETE https://ondemand.saucelabs.com:443/wd/hub/session/0c1f0939b65043418c672704e50ce7c9 - {}
RESULT: {"status":0,"sessionId":"0c1f0939b65043418c672704e50ce7c9","value":""}
]]>
      </system-out>
    </testcase>
  </testsuite>
</testsuites>