<?xml version="1.0" encoding="UTF-8"?>
<testsuites>
  <testsuite name="homepage_content_test" timestamp="2018-05-15T20:12:00" time="18.671" tests="0" failures="0" errors="0" skipped="0">
    <properties>
      <property name="specId" value="57b09b936558ff7029b55bf0a550efcc"/>
      <property name="suiteName" value="homepage content test"/>
      <property name="capabilities" value="chrome.latest.windows10"/>
      <property name="file" value="./test/homepagecontenttest1.e2e.js"/>
    </properties>
  </testsuite>
  <testsuite name="failing_JS_test" timestamp="2018-05-15T20:12:00" time="18.67" tests="4" failures="0" errors="0" skipped="0">
    <properties>
      <property name="specId" value="57b09b936558ff7029b55bf0a550efcc"/>
      <property name="suiteName" value="failing JS test"/>
      <property name="capabilities" value="chrome.latest.windows10"/>
      <property name="file" value="./test/homepagecontenttest1.e2e.js"/>
    </properties>
    <testcase classname="chrome.latest.windows10.failing_JS_test" name="should_have_opened_correct_page" time="0.162">
      <system-out>
        <![CDATA[
COMMAND: POST https://ondemand.saucelabs.com:443/wd/hub/session/21c5141e11b94dcba02365fb04a84c3d/execute - {"script":"sauce:context=failing JS test - should have opened correct page","args":[]}
RESULT: {"status":0,"sessionId":"21c5141e11b94dcba02365fb04a84c3d","value":""}
COMMAND: GET https://ondemand.saucelabs.com:443/wd/hub/session/21c5141e11b94dcba02365fb04a84c3d/title - {}
RESULT: {"status":0,"sessionId":"21c5141e11b94dcba02365fb04a84c3d","value":"Jumbotron Template for Bootstrap"}
]]>
      </system-out>
    </testcase>
    <testcase classname="chrome.latest.windows10.failing_JS_test" name="should_open_modal" time="1.462">
      <system-out>
        <![CDATA[
COMMAND: POST https://ondemand.saucelabs.com:443/wd/hub/session/21c5141e11b94dcba02365fb04a84c3d/execute - {"script":"sauce:context=failing JS test - should open modal","args":[]}
RESULT: {"status":0,"sessionId":"21c5141e11b94dcba02365fb04a84c3d","value":""}
COMMAND: POST https://ondemand.saucelabs.com:443/wd/hub/session/21c5141e11b94dcba02365fb04a84c3d/element - {"using":"id","value":"modal"}
RESULT: {"status":0,"sessionId":"21c5141e11b94dcba02365fb04a84c3d","value":{"ELEMENT":"0.2783239352708915-1"}}
COMMAND: POST https://ondemand.saucelabs.com:443/wd/hub/session/21c5141e11b94dcba02365fb04a84c3d/element/0.2783239352708915-1/click - {}
RESULT: {"status":0,"sessionId":"21c5141e11b94dcba02365fb04a84c3d","value":null}
COMMAND: POST https://ondemand.saucelabs.com:443/wd/hub/session/21c5141e11b94dcba02365fb04a84c3d/element - {"using":"id","value":"exampleModalLong"}
RESULT: {"status":0,"sessionId":"21c5141e11b94dcba02365fb04a84c3d","value":{"ELEMENT":"0.2783239352708915-2"}}
COMMAND: POST https://ondemand.saucelabs.com:443/wd/hub/session/21c5141e11b94dcba02365fb04a84c3d/elements - {"using":"id","value":"exampleModalLong"}
RESULT: {"status":0,"sessionId":"21c5141e11b94dcba02365fb04a84c3d","value":[{"ELEMENT":"0.2783239352708915-2"}]}
COMMAND: GET https://ondemand.saucelabs.com:443/wd/hub/session/21c5141e11b94dcba02365fb04a84c3d/element/0.2783239352708915-2/displayed - {}
RESULT: {"status":0,"sessionId":"21c5141e11b94dcba02365fb04a84c3d","value":true}
COMMAND: POST https://ondemand.saucelabs.com:443/wd/hub/session/21c5141e11b94dcba02365fb04a84c3d/element - {"using":"id","value":"exampleModalLong"}
RESULT: {"status":0,"sessionId":"21c5141e11b94dcba02365fb04a84c3d","value":{"ELEMENT":"0.2783239352708915-2"}}
COMMAND: GET https://ondemand.saucelabs.com:443/wd/hub/session/21c5141e11b94dcba02365fb04a84c3d/element/0.2783239352708915-2/displayed - {}
RESULT: {"status":0,"sessionId":"21c5141e11b94dcba02365fb04a84c3d","value":true}
COMMAND: POST https://ondemand.saucelabs.com:443/wd/hub/session/21c5141e11b94dcba02365fb04a84c3d/element - {"using":"css selector","value":"#exampleModalLong .modal-body"}
RESULT: {"status":0,"sessionId":"21c5141e11b94dcba02365fb04a84c3d","value":{"ELEMENT":"0.2783239352708915-3"}}
COMMAND: GET https://ondemand.saucelabs.com:443/wd/hub/session/21c5141e11b94dcba02365fb04a84c3d/element/0.2783239352708915-3/text - {}
RESULT: {"status":0,"sessionId":"21c5141e11b94dcba02365fb04a84c3d","value":"Hello There"}
]]>
      </system-out>
    </testcase>
    <testcase classname="chrome.latest.windows10.failing_JS_test" name="should_close_modal" time="0.937">
      <system-out>
        <![CDATA[
COMMAND: POST https://ondemand.saucelabs.com:443/wd/hub/session/21c5141e11b94dcba02365fb04a84c3d/execute - {"script":"sauce:context=failing JS test - should close modal","args":[]}
RESULT: {"status":0,"sessionId":"21c5141e11b94dcba02365fb04a84c3d","value":""}
COMMAND: POST https://ondemand.saucelabs.com:443/wd/hub/session/21c5141e11b94dcba02365fb04a84c3d/element - {"using":"id","value":"closeit"}
RESULT: {"status":0,"sessionId":"21c5141e11b94dcba02365fb04a84c3d","value":{"ELEMENT":"0.2783239352708915-4"}}
COMMAND: POST https://ondemand.saucelabs.com:443/wd/hub/session/21c5141e11b94dcba02365fb04a84c3d/element/0.2783239352708915-4/click - {}
RESULT: {"status":0,"sessionId":"21c5141e11b94dcba02365fb04a84c3d","value":null}
COMMAND: POST https://ondemand.saucelabs.com:443/wd/hub/session/21c5141e11b94dcba02365fb04a84c3d/element - {"using":"id","value":"closeit"}
RESULT: {"status":0,"sessionId":"21c5141e11b94dcba02365fb04a84c3d","value":{"ELEMENT":"0.2783239352708915-4"}}
COMMAND: POST https://ondemand.saucelabs.com:443/wd/hub/session/21c5141e11b94dcba02365fb04a84c3d/elements - {"using":"id","value":"closeit"}
RESULT: {"status":0,"sessionId":"21c5141e11b94dcba02365fb04a84c3d","value":[{"ELEMENT":"0.2783239352708915-4"}]}
COMMAND: GET https://ondemand.saucelabs.com:443/wd/hub/session/21c5141e11b94dcba02365fb04a84c3d/element/0.2783239352708915-4/displayed - {}
RESULT: {"status":0,"sessionId":"21c5141e11b94dcba02365fb04a84c3d","value":false}
]]>
      </system-out>
    </testcase>
    <testcase classname="chrome.latest.windows10.failing_JS_test" name="wait_15_seconds" time="15.063">
      <system-out>
        <![CDATA[
COMMAND: POST https://ondemand.saucelabs.com:443/wd/hub/session/21c5141e11b94dcba02365fb04a84c3d/execute - {"script":"sauce:context=failing JS test - wait 15 seconds","args":[]}
RESULT: {"status":0,"sessionId":"21c5141e11b94dcba02365fb04a84c3d","value":""}
COMMAND: DELETE https://ondemand.saucelabs.com:443/wd/hub/session/21c5141e11b94dcba02365fb04a84c3d - {}
RESULT: {"status":0,"sessionId":"21c5141e11b94dcba02365fb04a84c3d","value":""}
]]>
      </system-out>
    </testcase>
  </testsuite>
</testsuites>