<?xml version="1.0" encoding="UTF-8"?>
<testsuites>
  <testsuite name="header_test" timestamp="2018-05-15T21:54:04" time="20.746" tests="0" failures="0" errors="0" skipped="0">
    <properties>
      <property name="specId" value="14d21fdb1c24d060f6a618a39d72b024"/>
      <property name="suiteName" value="header test"/>
      <property name="capabilities" value="chrome.latest-1.windows10"/>
      <property name="file" value="./test/headertest5.e2e.js"/>
    </properties>
  </testsuite>
  <testsuite name="failing_JS_test" timestamp="2018-05-15T21:54:04" time="20.745" tests="4" failures="0" errors="0" skipped="0">
    <properties>
      <property name="specId" value="14d21fdb1c24d060f6a618a39d72b024"/>
      <property name="suiteName" value="failing JS test"/>
      <property name="capabilities" value="chrome.latest-1.windows10"/>
      <property name="file" value="./test/headertest5.e2e.js"/>
    </properties>
    <testcase classname="chrome.latest-1.windows10.failing_JS_test" name="should_have_opened_correct_page" time="0.133">
      <system-out>
        <![CDATA[
COMMAND: POST https://ondemand.saucelabs.com:443/wd/hub/session/d30c41b14f73450996355cee69ae28e7/execute - {"script":"sauce:context=failing JS test - should have opened correct page","args":[]}
RESULT: {"status":0,"sessionId":"d30c41b14f73450996355cee69ae28e7","value":""}
COMMAND: GET https://ondemand.saucelabs.com:443/wd/hub/session/d30c41b14f73450996355cee69ae28e7/title - {}
RESULT: {"status":0,"sessionId":"d30c41b14f73450996355cee69ae28e7","value":"Jumbotron Template for Bootstrap"}
]]>
      </system-out>
    </testcase>
    <testcase classname="chrome.latest-1.windows10.failing_JS_test" name="should_open_modal" time="2.509">
      <system-out>
        <![CDATA[
COMMAND: POST https://ondemand.saucelabs.com:443/wd/hub/session/d30c41b14f73450996355cee69ae28e7/execute - {"script":"sauce:context=failing JS test - should open modal","args":[]}
RESULT: {"status":0,"sessionId":"d30c41b14f73450996355cee69ae28e7","value":""}
COMMAND: POST https://ondemand.saucelabs.com:443/wd/hub/session/d30c41b14f73450996355cee69ae28e7/element - {"using":"id","value":"modal"}
RESULT: {"status":0,"sessionId":"d30c41b14f73450996355cee69ae28e7","value":{"ELEMENT":"0.08931021382023485-1"}}
COMMAND: POST https://ondemand.saucelabs.com:443/wd/hub/session/d30c41b14f73450996355cee69ae28e7/element/0.08931021382023485-1/click - {}
RESULT: {"status":0,"sessionId":"d30c41b14f73450996355cee69ae28e7","value":null}
COMMAND: POST https://ondemand.saucelabs.com:443/wd/hub/session/d30c41b14f73450996355cee69ae28e7/element - {"using":"id","value":"exampleModalLong"}
RESULT: {"status":0,"sessionId":"d30c41b14f73450996355cee69ae28e7","value":{"ELEMENT":"0.08931021382023485-2"}}
COMMAND: POST https://ondemand.saucelabs.com:443/wd/hub/session/d30c41b14f73450996355cee69ae28e7/elements - {"using":"id","value":"exampleModalLong"}
RESULT: {"status":0,"sessionId":"d30c41b14f73450996355cee69ae28e7","value":[{"ELEMENT":"0.08931021382023485-2"}]}
COMMAND: GET https://ondemand.saucelabs.com:443/wd/hub/session/d30c41b14f73450996355cee69ae28e7/element/0.08931021382023485-2/displayed - {}
RESULT: {"status":0,"sessionId":"d30c41b14f73450996355cee69ae28e7","value":true}
COMMAND: POST https://ondemand.saucelabs.com:443/wd/hub/session/d30c41b14f73450996355cee69ae28e7/element - {"using":"id","value":"exampleModalLong"}
RESULT: {"status":0,"sessionId":"d30c41b14f73450996355cee69ae28e7","value":{"ELEMENT":"0.08931021382023485-2"}}
COMMAND: GET https://ondemand.saucelabs.com:443/wd/hub/session/d30c41b14f73450996355cee69ae28e7/element/0.08931021382023485-2/displayed - {}
RESULT: {"status":0,"sessionId":"d30c41b14f73450996355cee69ae28e7","value":true}
COMMAND: POST https://ondemand.saucelabs.com:443/wd/hub/session/d30c41b14f73450996355cee69ae28e7/element - {"using":"css selector","value":"#exampleModalLong .modal-body"}
RESULT: {"status":0,"sessionId":"d30c41b14f73450996355cee69ae28e7","value":{"ELEMENT":"0.08931021382023485-3"}}
COMMAND: GET https://ondemand.saucelabs.com:443/wd/hub/session/d30c41b14f73450996355cee69ae28e7/element/0.08931021382023485-3/text - {}
RESULT: {"status":0,"sessionId":"d30c41b14f73450996355cee69ae28e7","value":"Hello There"}
]]>
      </system-out>
    </testcase>
    <testcase classname="chrome.latest-1.windows10.failing_JS_test" name="should_close_modal" time="0.789">
      <system-out>
        <![CDATA[
COMMAND: POST https://ondemand.saucelabs.com:443/wd/hub/session/d30c41b14f73450996355cee69ae28e7/execute - {"script":"sauce:context=failing JS test - should close modal","args":[]}
RESULT: {"status":0,"sessionId":"d30c41b14f73450996355cee69ae28e7","value":""}
COMMAND: POST https://ondemand.saucelabs.com:443/wd/hub/session/d30c41b14f73450996355cee69ae28e7/element - {"using":"id","value":"closeit"}
RESULT: {"status":0,"sessionId":"d30c41b14f73450996355cee69ae28e7","value":{"ELEMENT":"0.08931021382023485-4"}}
COMMAND: POST https://ondemand.saucelabs.com:443/wd/hub/session/d30c41b14f73450996355cee69ae28e7/element/0.08931021382023485-4/click - {}
RESULT: {"status":0,"sessionId":"d30c41b14f73450996355cee69ae28e7","value":null}
COMMAND: POST https://ondemand.saucelabs.com:443/wd/hub/session/d30c41b14f73450996355cee69ae28e7/element - {"using":"id","value":"closeit"}
RESULT: {"status":0,"sessionId":"d30c41b14f73450996355cee69ae28e7","value":{"ELEMENT":"0.08931021382023485-4"}}
COMMAND: POST https://ondemand.saucelabs.com:443/wd/hub/session/d30c41b14f73450996355cee69ae28e7/elements - {"using":"id","value":"closeit"}
RESULT: {"status":0,"sessionId":"d30c41b14f73450996355cee69ae28e7","value":[{"ELEMENT":"0.08931021382023485-4"}]}
COMMAND: GET https://ondemand.saucelabs.com:443/wd/hub/session/d30c41b14f73450996355cee69ae28e7/element/0.08931021382023485-4/displayed - {}
RESULT: {"status":0,"sessionId":"d30c41b14f73450996355cee69ae28e7","value":false}
]]>
      </system-out>
    </testcase>
    <testcase classname="chrome.latest-1.windows10.failing_JS_test" name="wait_15_seconds" time="15.054">
      <system-out>
        <![CDATA[
COMMAND: POST https://ondemand.saucelabs.com:443/wd/hub/session/d30c41b14f73450996355cee69ae28e7/execute - {"script":"sauce:context=failing JS test - wait 15 seconds","args":[]}
RESULT: {"status":0,"sessionId":"d30c41b14f73450996355cee69ae28e7","value":""}
COMMAND: DELETE https://ondemand.saucelabs.com:443/wd/hub/session/d30c41b14f73450996355cee69ae28e7 - {}
RESULT: {"status":0,"sessionId":"d30c41b14f73450996355cee69ae28e7","value":""}
]]>
      </system-out>
    </testcase>
  </testsuite>
</testsuites>