<?xml version="1.0" encoding="UTF-8"?>
<testsuites>
  <testsuite name="site_test" timestamp="2018-05-15T21:54:29" time="4.296" tests="0" failures="0" errors="0" skipped="0">
    <properties>
      <property name="specId" value="33eb5e5e79f6b6235935a19e92bd9aa5"/>
      <property name="suiteName" value="site test"/>
      <property name="capabilities" value="firefox.latest.windows10"/>
      <property name="file" value="./test/test.e2e.js"/>
    </properties>
  </testsuite>
  <testsuite name="failing_JS_test" timestamp="2018-05-15T21:54:29" time="4.296" tests="3" failures="0" errors="0" skipped="0">
    <properties>
      <property name="specId" value="33eb5e5e79f6b6235935a19e92bd9aa5"/>
      <property name="suiteName" value="failing JS test"/>
      <property name="capabilities" value="firefox.latest.windows10"/>
      <property name="file" value="./test/test.e2e.js"/>
    </properties>
    <testcase classname="firefox.latest.windows10.failing_JS_test" name="should_have_opened_correct_page" time="0.217">
      <system-out>
        <![CDATA[
COMMAND: POST https://ondemand.saucelabs.com:443/wd/hub/session/7cc7c37f3f6f4b48be7d49d9a5da7a9f/execute - {"script":"sauce:context=failing JS test - should have opened correct page","args":[]}
RESULT: {"status":0,"sessionId":"7cc7c37f3f6f4b48be7d49d9a5da7a9f","value":""}
COMMAND: GET https://ondemand.saucelabs.com:443/wd/hub/session/7cc7c37f3f6f4b48be7d49d9a5da7a9f/title - {}
RESULT: {"status":0,"sessionId":"7cc7c37f3f6f4b48be7d49d9a5da7a9f","value":"Jumbotron Template for Bootstrap","state":"success","hCode":9332065,"class":"org.openqa.selenium.remote.Response"}
]]>
      </system-out>
    </testcase>
    <testcase classname="firefox.latest.windows10.failing_JS_test" name="should_open_modal" time="1.695">
      <system-out>
        <![CDATA[
COMMAND: POST https://ondemand.saucelabs.com:443/wd/hub/session/7cc7c37f3f6f4b48be7d49d9a5da7a9f/execute - {"script":"sauce:context=failing JS test - should open modal","args":[]}
RESULT: {"status":0,"sessionId":"7cc7c37f3f6f4b48be7d49d9a5da7a9f","value":""}
COMMAND: POST https://ondemand.saucelabs.com:443/wd/hub/session/7cc7c37f3f6f4b48be7d49d9a5da7a9f/element - {"using":"id","value":"modal"}
RESULT: {"status":0,"sessionId":"7cc7c37f3f6f4b48be7d49d9a5da7a9f","value":{"ELEMENT":"0"},"state":"success","hCode":28454771,"class":"org.openqa.selenium.remote.Response"}
COMMAND: POST https://ondemand.saucelabs.com:443/wd/hub/session/7cc7c37f3f6f4b48be7d49d9a5da7a9f/element/0/click - {}
RESULT: {"status":0,"sessionId":"7cc7c37f3f6f4b48be7d49d9a5da7a9f","value":null,"state":"success","hCode":31867017,"class":"org.openqa.selenium.remote.Response"}
COMMAND: POST https://ondemand.saucelabs.com:443/wd/hub/session/7cc7c37f3f6f4b48be7d49d9a5da7a9f/element - {"using":"id","value":"exampleModalLong"}
RESULT: {"status":0,"sessionId":"7cc7c37f3f6f4b48be7d49d9a5da7a9f","value":{"ELEMENT":"1"},"state":"success","hCode":13317418,"class":"org.openqa.selenium.remote.Response"}
COMMAND: POST https://ondemand.saucelabs.com:443/wd/hub/session/7cc7c37f3f6f4b48be7d49d9a5da7a9f/elements - {"using":"id","value":"exampleModalLong"}
RESULT: {"status":0,"sessionId":"7cc7c37f3f6f4b48be7d49d9a5da7a9f","value":[{"ELEMENT":"1"}],"state":"success","hCode":4566239,"class":"org.openqa.selenium.remote.Response"}
COMMAND: GET https://ondemand.saucelabs.com:443/wd/hub/session/7cc7c37f3f6f4b48be7d49d9a5da7a9f/element/1/displayed - {}
RESULT: {"status":0,"sessionId":"7cc7c37f3f6f4b48be7d49d9a5da7a9f","value":true,"state":"success","hCode":12988355,"class":"org.openqa.selenium.remote.Response"}
COMMAND: POST https://ondemand.saucelabs.com:443/wd/hub/session/7cc7c37f3f6f4b48be7d49d9a5da7a9f/element - {"using":"id","value":"exampleModalLong"}
RESULT: {"status":0,"sessionId":"7cc7c37f3f6f4b48be7d49d9a5da7a9f","value":{"ELEMENT":"1"},"state":"success","hCode":32446185,"class":"org.openqa.selenium.remote.Response"}
COMMAND: GET https://ondemand.saucelabs.com:443/wd/hub/session/7cc7c37f3f6f4b48be7d49d9a5da7a9f/element/1/displayed - {}
RESULT: {"status":0,"sessionId":"7cc7c37f3f6f4b48be7d49d9a5da7a9f","value":true,"state":"success","hCode":28140861,"class":"org.openqa.selenium.remote.Response"}
COMMAND: POST https://ondemand.saucelabs.com:443/wd/hub/session/7cc7c37f3f6f4b48be7d49d9a5da7a9f/element - {"using":"css selector","value":"#exampleModalLong .modal-body"}
RESULT: {"status":0,"sessionId":"7cc7c37f3f6f4b48be7d49d9a5da7a9f","value":{"ELEMENT":"2"},"state":"success","hCode":3323617,"class":"org.openqa.selenium.remote.Response"}
COMMAND: GET https://ondemand.saucelabs.com:443/wd/hub/session/7cc7c37f3f6f4b48be7d49d9a5da7a9f/element/2/text - {}
RESULT: {"status":0,"sessionId":"7cc7c37f3f6f4b48be7d49d9a5da7a9f","value":"Hello There","state":"success","hCode":13411156,"class":"org.openqa.selenium.remote.Response"}
]]>
      </system-out>
    </testcase>
    <testcase classname="firefox.latest.windows10.failing_JS_test" name="should_close_modal" time="0.846">
      <system-out>
        <![CDATA[
COMMAND: POST https://ondemand.saucelabs.com:443/wd/hub/session/7cc7c37f3f6f4b48be7d49d9a5da7a9f/execute - {"script":"sauce:context=failing JS test - should close modal","args":[]}
RESULT: {"status":0,"sessionId":"7cc7c37f3f6f4b48be7d49d9a5da7a9f","value":""}
COMMAND: POST https://ondemand.saucelabs.com:443/wd/hub/session/7cc7c37f3f6f4b48be7d49d9a5da7a9f/element - {"using":"id","value":"closeit"}
RESULT: {"status":0,"sessionId":"7cc7c37f3f6f4b48be7d49d9a5da7a9f","value":{"ELEMENT":"3"},"state":"success","hCode":3336634,"class":"org.openqa.selenium.remote.Response"}
COMMAND: POST https://ondemand.saucelabs.com:443/wd/hub/session/7cc7c37f3f6f4b48be7d49d9a5da7a9f/element/3/click - {}
RESULT: {"status":0,"sessionId":"7cc7c37f3f6f4b48be7d49d9a5da7a9f","value":null,"state":"success","hCode":13445357,"class":"org.openqa.selenium.remote.Response"}
COMMAND: POST https://ondemand.saucelabs.com:443/wd/hub/session/7cc7c37f3f6f4b48be7d49d9a5da7a9f/element - {"using":"id","value":"closeit"}
RESULT: {"status":0,"sessionId":"7cc7c37f3f6f4b48be7d49d9a5da7a9f","value":{"ELEMENT":"3"},"state":"success","hCode":6546902,"class":"org.openqa.selenium.remote.Response"}
COMMAND: POST https://ondemand.saucelabs.com:443/wd/hub/session/7cc7c37f3f6f4b48be7d49d9a5da7a9f/elements - {"using":"id","value":"closeit"}
RESULT: {"status":0,"sessionId":"7cc7c37f3f6f4b48be7d49d9a5da7a9f","value":[{"ELEMENT":"3"}],"state":"success","hCode":33491301,"class":"org.openqa.selenium.remote.Response"}
COMMAND: GET https://ondemand.saucelabs.com:443/wd/hub/session/7cc7c37f3f6f4b48be7d49d9a5da7a9f/element/3/displayed - {}
RESULT: {"status":0,"sessionId":"7cc7c37f3f6f4b48be7d49d9a5da7a9f","value":false,"state":"success","hCode":24774156,"class":"org.openqa.selenium.remote.Response"}
COMMAND: DELETE https://ondemand.saucelabs.com:443/wd/hub/session/7cc7c37f3f6f4b48be7d49d9a5da7a9f - {}
RESULT: {"status":0,"sessionId":"7cc7c37f3f6f4b48be7d49d9a5da7a9f","value":""}
]]>
      </system-out>
    </testcase>
  </testsuite>
</testsuites>