<?xml version="1.0" encoding="UTF-8"?>
<testsuites>
  <testsuite name="homepage_content_test" timestamp="2018-05-15T21:54:09" time="20.531" tests="0" failures="0" errors="0" skipped="0">
    <properties>
      <property name="specId" value="740afd145ce633ebc675bd2366ce59d7"/>
      <property name="suiteName" value="homepage content test"/>
      <property name="capabilities" value="firefox.latest.windows10"/>
      <property name="file" value="./test/homepagecontenttest.e2e.js"/>
    </properties>
  </testsuite>
  <testsuite name="failing_JS_test" timestamp="2018-05-15T21:54:09" time="20.531" tests="4" failures="0" errors="0" skipped="0">
    <properties>
      <property name="specId" value="740afd145ce633ebc675bd2366ce59d7"/>
      <property name="suiteName" value="failing JS test"/>
      <property name="capabilities" value="firefox.latest.windows10"/>
      <property name="file" value="./test/homepagecontenttest.e2e.js"/>
    </properties>
    <testcase classname="firefox.latest.windows10.failing_JS_test" name="should_have_opened_correct_page" time="0.114">
      <system-out>
        <![CDATA[
COMMAND: POST https://ondemand.saucelabs.com:443/wd/hub/session/f7df67bd28524a938c9bfbb40398be19/execute - {"script":"sauce:context=failing JS test - should have opened correct page","args":[]}
RESULT: {"status":0,"sessionId":"f7df67bd28524a938c9bfbb40398be19","value":""}
COMMAND: GET https://ondemand.saucelabs.com:443/wd/hub/session/f7df67bd28524a938c9bfbb40398be19/title - {}
RESULT: {"status":0,"sessionId":"f7df67bd28524a938c9bfbb40398be19","value":"Jumbotron Template for Bootstrap","state":"success","hCode":32107496,"class":"org.openqa.selenium.remote.Response"}
]]>
      </system-out>
    </testcase>
    <testcase classname="firefox.latest.windows10.failing_JS_test" name="should_open_modal" time="2.138">
      <system-out>
        <![CDATA[
COMMAND: POST https://ondemand.saucelabs.com:443/wd/hub/session/f7df67bd28524a938c9bfbb40398be19/execute - {"script":"sauce:context=failing JS test - should open modal","args":[]}
RESULT: {"status":0,"sessionId":"f7df67bd28524a938c9bfbb40398be19","value":""}
COMMAND: POST https://ondemand.saucelabs.com:443/wd/hub/session/f7df67bd28524a938c9bfbb40398be19/element - {"using":"id","value":"modal"}
RESULT: {"status":0,"sessionId":"f7df67bd28524a938c9bfbb40398be19","value":{"ELEMENT":"0"},"state":"success","hCode":22011562,"class":"org.openqa.selenium.remote.Response"}
COMMAND: POST https://ondemand.saucelabs.com:443/wd/hub/session/f7df67bd28524a938c9bfbb40398be19/element/0/click - {}
RESULT: {"status":0,"sessionId":"f7df67bd28524a938c9bfbb40398be19","value":null,"state":"success","hCode":4912130,"class":"org.openqa.selenium.remote.Response"}
COMMAND: POST https://ondemand.saucelabs.com:443/wd/hub/session/f7df67bd28524a938c9bfbb40398be19/element - {"using":"id","value":"exampleModalLong"}
RESULT: {"status":0,"sessionId":"f7df67bd28524a938c9bfbb40398be19","value":{"ELEMENT":"1"},"state":"success","hCode":14619071,"class":"org.openqa.selenium.remote.Response"}
COMMAND: POST https://ondemand.saucelabs.com:443/wd/hub/session/f7df67bd28524a938c9bfbb40398be19/elements - {"using":"id","value":"exampleModalLong"}
RESULT: {"status":0,"sessionId":"f7df67bd28524a938c9bfbb40398be19","value":[{"ELEMENT":"1"}],"state":"success","hCode":31427247,"class":"org.openqa.selenium.remote.Response"}
COMMAND: GET https://ondemand.saucelabs.com:443/wd/hub/session/f7df67bd28524a938c9bfbb40398be19/element/1/displayed - {}
RESULT: {"status":0,"sessionId":"f7df67bd28524a938c9bfbb40398be19","value":true,"state":"success","hCode":17415994,"class":"org.openqa.selenium.remote.Response"}
COMMAND: POST https://ondemand.saucelabs.com:443/wd/hub/session/f7df67bd28524a938c9bfbb40398be19/element - {"using":"id","value":"exampleModalLong"}
RESULT: {"status":0,"sessionId":"f7df67bd28524a938c9bfbb40398be19","value":{"ELEMENT":"1"},"state":"success","hCode":16602248,"class":"org.openqa.selenium.remote.Response"}
COMMAND: GET https://ondemand.saucelabs.com:443/wd/hub/session/f7df67bd28524a938c9bfbb40398be19/element/1/displayed - {}
RESULT: {"status":0,"sessionId":"f7df67bd28524a938c9bfbb40398be19","value":true,"state":"success","hCode":66268,"class":"org.openqa.selenium.remote.Response"}
COMMAND: POST https://ondemand.saucelabs.com:443/wd/hub/session/f7df67bd28524a938c9bfbb40398be19/element - {"using":"css selector","value":"#exampleModalLong .modal-body"}
RESULT: {"status":0,"sessionId":"f7df67bd28524a938c9bfbb40398be19","value":{"ELEMENT":"2"},"state":"success","hCode":485187,"class":"org.openqa.selenium.remote.Response"}
COMMAND: GET https://ondemand.saucelabs.com:443/wd/hub/session/f7df67bd28524a938c9bfbb40398be19/element/2/text - {}
RESULT: {"status":0,"sessionId":"f7df67bd28524a938c9bfbb40398be19","value":"Hello There","state":"success","hCode":31680133,"class":"org.openqa.selenium.remote.Response"}
]]>
      </system-out>
    </testcase>
    <testcase classname="firefox.latest.windows10.failing_JS_test" name="should_close_modal" time="1.95">
      <system-out>
        <![CDATA[
COMMAND: POST https://ondemand.saucelabs.com:443/wd/hub/session/f7df67bd28524a938c9bfbb40398be19/execute - {"script":"sauce:context=failing JS test - should close modal","args":[]}
RESULT: {"status":0,"sessionId":"f7df67bd28524a938c9bfbb40398be19","value":""}
COMMAND: POST https://ondemand.saucelabs.com:443/wd/hub/session/f7df67bd28524a938c9bfbb40398be19/element - {"using":"id","value":"closeit"}
RESULT: {"status":0,"sessionId":"f7df67bd28524a938c9bfbb40398be19","value":{"ELEMENT":"3"},"state":"success","hCode":24774156,"class":"org.openqa.selenium.remote.Response"}
COMMAND: POST https://ondemand.saucelabs.com:443/wd/hub/session/f7df67bd28524a938c9bfbb40398be19/element/3/click - {}
RESULT: {"status":0,"sessionId":"f7df67bd28524a938c9bfbb40398be19","value":null,"state":"success","hCode":13639288,"class":"org.openqa.selenium.remote.Response"}
COMMAND: POST https://ondemand.saucelabs.com:443/wd/hub/session/f7df67bd28524a938c9bfbb40398be19/element - {"using":"id","value":"closeit"}
RESULT: {"status":0,"sessionId":"f7df67bd28524a938c9bfbb40398be19","value":{"ELEMENT":"3"},"state":"success","hCode":20323369,"class":"org.openqa.selenium.remote.Response"}
COMMAND: POST https://ondemand.saucelabs.com:443/wd/hub/session/f7df67bd28524a938c9bfbb40398be19/elements - {"using":"id","value":"closeit"}
RESULT: {"status":0,"sessionId":"f7df67bd28524a938c9bfbb40398be19","value":[{"ELEMENT":"3"}],"state":"success","hCode":27015861,"class":"org.openqa.selenium.remote.Response"}
COMMAND: GET https://ondemand.saucelabs.com:443/wd/hub/session/f7df67bd28524a938c9bfbb40398be19/element/3/displayed - {}
RESULT: {"status":0,"sessionId":"f7df67bd28524a938c9bfbb40398be19","value":false,"state":"success","hCode":5263010,"class":"org.openqa.selenium.remote.Response"}
]]>
      </system-out>
    </testcase>
    <testcase classname="firefox.latest.windows10.failing_JS_test" name="wait_15_seconds" time="15.05">
      <system-out>
        <![CDATA[
COMMAND: POST https://ondemand.saucelabs.com:443/wd/hub/session/f7df67bd28524a938c9bfbb40398be19/execute - {"script":"sauce:context=failing JS test - wait 15 seconds","args":[]}
RESULT: {"status":0,"sessionId":"f7df67bd28524a938c9bfbb40398be19","value":""}
COMMAND: DELETE https://ondemand.saucelabs.com:443/wd/hub/session/f7df67bd28524a938c9bfbb40398be19 - {}
RESULT: {"status":0,"sessionId":"f7df67bd28524a938c9bfbb40398be19","value":""}
]]>
      </system-out>
    </testcase>
  </testsuite>
</testsuites>