<?xml version="1.0" encoding="UTF-8"?>
<testsuites>
  <testsuite name="homepage_content_test" timestamp="2018-05-15T20:12:37" time="18.812" tests="0" failures="0" errors="0" skipped="0">
    <properties>
      <property name="specId" value="740afd145ce633ebc675bd2366ce59d7"/>
      <property name="suiteName" value="homepage content test"/>
      <property name="capabilities" value="chrome.latest.windows10"/>
      <property name="file" value="./test/homepagecontenttest.e2e.js"/>
    </properties>
  </testsuite>
  <testsuite name="failing_JS_test" timestamp="2018-05-15T20:12:37" time="18.811" tests="4" failures="0" errors="0" skipped="0">
    <properties>
      <property name="specId" value="740afd145ce633ebc675bd2366ce59d7"/>
      <property name="suiteName" value="failing JS test"/>
      <property name="capabilities" value="chrome.latest.windows10"/>
      <property name="file" value="./test/homepagecontenttest.e2e.js"/>
    </properties>
    <testcase classname="chrome.latest.windows10.failing_JS_test" name="should_have_opened_correct_page" time="0.187">
      <system-out>
        <![CDATA[
COMMAND: POST https://ondemand.saucelabs.com:443/wd/hub/session/ea4c7e688e154e88adb9abcf14680de8/execute - {"script":"sauce:context=failing JS test - should have opened correct page","args":[]}
RESULT: {"status":0,"sessionId":"ea4c7e688e154e88adb9abcf14680de8","value":""}
COMMAND: GET https://ondemand.saucelabs.com:443/wd/hub/session/ea4c7e688e154e88adb9abcf14680de8/title - {}
RESULT: {"status":0,"sessionId":"ea4c7e688e154e88adb9abcf14680de8","value":"Jumbotron Template for Bootstrap"}
]]>
      </system-out>
    </testcase>
    <testcase classname="chrome.latest.windows10.failing_JS_test" name="should_open_modal" time="1.543">
      <system-out>
        <![CDATA[
COMMAND: POST https://ondemand.saucelabs.com:443/wd/hub/session/ea4c7e688e154e88adb9abcf14680de8/execute - {"script":"sauce:context=failing JS test - should open modal","args":[]}
RESULT: {"status":0,"sessionId":"ea4c7e688e154e88adb9abcf14680de8","value":""}
COMMAND: POST https://ondemand.saucelabs.com:443/wd/hub/session/ea4c7e688e154e88adb9abcf14680de8/element - {"using":"id","value":"modal"}
RESULT: {"status":0,"sessionId":"ea4c7e688e154e88adb9abcf14680de8","value":{"ELEMENT":"0.9492654626784924-1"}}
COMMAND: POST https://ondemand.saucelabs.com:443/wd/hub/session/ea4c7e688e154e88adb9abcf14680de8/element/0.9492654626784924-1/click - {}
RESULT: {"status":0,"sessionId":"ea4c7e688e154e88adb9abcf14680de8","value":null}
COMMAND: POST https://ondemand.saucelabs.com:443/wd/hub/session/ea4c7e688e154e88adb9abcf14680de8/element - {"using":"id","value":"exampleModalLong"}
RESULT: {"status":0,"sessionId":"ea4c7e688e154e88adb9abcf14680de8","value":{"ELEMENT":"0.9492654626784924-2"}}
COMMAND: POST https://ondemand.saucelabs.com:443/wd/hub/session/ea4c7e688e154e88adb9abcf14680de8/elements - {"using":"id","value":"exampleModalLong"}
RESULT: {"status":0,"sessionId":"ea4c7e688e154e88adb9abcf14680de8","value":[{"ELEMENT":"0.9492654626784924-2"}]}
COMMAND: GET https://ondemand.saucelabs.com:443/wd/hub/session/ea4c7e688e154e88adb9abcf14680de8/element/0.9492654626784924-2/displayed - {}
RESULT: {"status":0,"sessionId":"ea4c7e688e154e88adb9abcf14680de8","value":true}
COMMAND: POST https://ondemand.saucelabs.com:443/wd/hub/session/ea4c7e688e154e88adb9abcf14680de8/element - {"using":"id","value":"exampleModalLong"}
RESULT: {"status":0,"sessionId":"ea4c7e688e154e88adb9abcf14680de8","value":{"ELEMENT":"0.9492654626784924-2"}}
COMMAND: GET https://ondemand.saucelabs.com:443/wd/hub/session/ea4c7e688e154e88adb9abcf14680de8/element/0.9492654626784924-2/displayed - {}
RESULT: {"status":0,"sessionId":"ea4c7e688e154e88adb9abcf14680de8","value":true}
COMMAND: POST https://ondemand.saucelabs.com:443/wd/hub/session/ea4c7e688e154e88adb9abcf14680de8/element - {"using":"css selector","value":"#exampleModalLong .modal-body"}
RESULT: {"status":0,"sessionId":"ea4c7e688e154e88adb9abcf14680de8","value":{"ELEMENT":"0.9492654626784924-3"}}
COMMAND: GET https://ondemand.saucelabs.com:443/wd/hub/session/ea4c7e688e154e88adb9abcf14680de8/element/0.9492654626784924-3/text - {}
RESULT: {"status":0,"sessionId":"ea4c7e688e154e88adb9abcf14680de8","value":"Hello There"}
]]>
      </system-out>
    </testcase>
    <testcase classname="chrome.latest.windows10.failing_JS_test" name="should_close_modal" time="0.9">
      <system-out>
        <![CDATA[
COMMAND: POST https://ondemand.saucelabs.com:443/wd/hub/session/ea4c7e688e154e88adb9abcf14680de8/execute - {"script":"sauce:context=failing JS test - should close modal","args":[]}
RESULT: {"status":0,"sessionId":"ea4c7e688e154e88adb9abcf14680de8","value":""}
COMMAND: POST https://ondemand.saucelabs.com:443/wd/hub/session/ea4c7e688e154e88adb9abcf14680de8/element - {"using":"id","value":"closeit"}
RESULT: {"status":0,"sessionId":"ea4c7e688e154e88adb9abcf14680de8","value":{"ELEMENT":"0.9492654626784924-4"}}
COMMAND: POST https://ondemand.saucelabs.com:443/wd/hub/session/ea4c7e688e154e88adb9abcf14680de8/element/0.9492654626784924-4/click - {}
RESULT: {"status":0,"sessionId":"ea4c7e688e154e88adb9abcf14680de8","value":null}
COMMAND: POST https://ondemand.saucelabs.com:443/wd/hub/session/ea4c7e688e154e88adb9abcf14680de8/element - {"using":"id","value":"closeit"}
RESULT: {"status":0,"sessionId":"ea4c7e688e154e88adb9abcf14680de8","value":{"ELEMENT":"0.9492654626784924-4"}}
COMMAND: POST https://ondemand.saucelabs.com:443/wd/hub/session/ea4c7e688e154e88adb9abcf14680de8/elements - {"using":"id","value":"closeit"}
RESULT: {"status":0,"sessionId":"ea4c7e688e154e88adb9abcf14680de8","value":[{"ELEMENT":"0.9492654626784924-4"}]}
COMMAND: GET https://ondemand.saucelabs.com:443/wd/hub/session/ea4c7e688e154e88adb9abcf14680de8/element/0.9492654626784924-4/displayed - {}
RESULT: {"status":0,"sessionId":"ea4c7e688e154e88adb9abcf14680de8","value":false}
]]>
      </system-out>
    </testcase>
    <testcase classname="chrome.latest.windows10.failing_JS_test" name="wait_15_seconds" time="15.072">
      <system-out>
        <![CDATA[
COMMAND: POST https://ondemand.saucelabs.com:443/wd/hub/session/ea4c7e688e154e88adb9abcf14680de8/execute - {"script":"sauce:context=failing JS test - wait 15 seconds","args":[]}
RESULT: {"status":0,"sessionId":"ea4c7e688e154e88adb9abcf14680de8","value":""}
COMMAND: DELETE https://ondemand.saucelabs.com:443/wd/hub/session/ea4c7e688e154e88adb9abcf14680de8 - {}
RESULT: {"status":0,"sessionId":"ea4c7e688e154e88adb9abcf14680de8","value":""}
]]>
      </system-out>
    </testcase>
  </testsuite>
</testsuites>