<?xml version="1.0" encoding="UTF-8"?>
<testsuites>
  <testsuite name="header_test" timestamp="2018-05-15T21:54:01" time="19.188" tests="0" failures="0" errors="0" skipped="0">
    <properties>
      <property name="specId" value="ef753d290a876f01297511647b1fe13f"/>
      <property name="suiteName" value="header test"/>
      <property name="capabilities" value="chrome.latest-4.windows10"/>
      <property name="file" value="./test/headertest6.e2e.js"/>
    </properties>
  </testsuite>
  <testsuite name="failing_JS_test" timestamp="2018-05-15T21:54:01" time="19.187" tests="4" failures="0" errors="0" skipped="0">
    <properties>
      <property name="specId" value="ef753d290a876f01297511647b1fe13f"/>
      <property name="suiteName" value="failing JS test"/>
      <property name="capabilities" value="chrome.latest-4.windows10"/>
      <property name="file" value="./test/headertest6.e2e.js"/>
    </properties>
    <testcase classname="chrome.latest-4.windows10.failing_JS_test" name="should_have_opened_correct_page" time="0.202">
      <system-out>
        <![CDATA[
COMMAND: POST https://ondemand.saucelabs.com:443/wd/hub/session/d77e7f8fc9224a09ac3047f4ece717d1/execute - {"script":"sauce:context=failing JS test - should have opened correct page","args":[]}
RESULT: {"status":0,"sessionId":"d77e7f8fc9224a09ac3047f4ece717d1","value":""}
COMMAND: GET https://ondemand.saucelabs.com:443/wd/hub/session/d77e7f8fc9224a09ac3047f4ece717d1/title - {}
RESULT: {"status":0,"sessionId":"d77e7f8fc9224a09ac3047f4ece717d1","value":"Jumbotron Template for Bootstrap"}
]]>
      </system-out>
    </testcase>
    <testcase classname="chrome.latest-4.windows10.failing_JS_test" name="should_open_modal" time="1.463">
      <system-out>
        <![CDATA[
COMMAND: POST https://ondemand.saucelabs.com:443/wd/hub/session/d77e7f8fc9224a09ac3047f4ece717d1/execute - {"script":"sauce:context=failing JS test - should open modal","args":[]}
RESULT: {"status":0,"sessionId":"d77e7f8fc9224a09ac3047f4ece717d1","value":""}
COMMAND: POST https://ondemand.saucelabs.com:443/wd/hub/session/d77e7f8fc9224a09ac3047f4ece717d1/element - {"using":"id","value":"modal"}
RESULT: {"status":0,"sessionId":"d77e7f8fc9224a09ac3047f4ece717d1","value":{"ELEMENT":"0.943001777718729-1"}}
COMMAND: POST https://ondemand.saucelabs.com:443/wd/hub/session/d77e7f8fc9224a09ac3047f4ece717d1/element/0.943001777718729-1/click - {}
RESULT: {"status":0,"sessionId":"d77e7f8fc9224a09ac3047f4ece717d1","value":null}
COMMAND: POST https://ondemand.saucelabs.com:443/wd/hub/session/d77e7f8fc9224a09ac3047f4ece717d1/element - {"using":"id","value":"exampleModalLong"}
RESULT: {"status":0,"sessionId":"d77e7f8fc9224a09ac3047f4ece717d1","value":{"ELEMENT":"0.943001777718729-2"}}
COMMAND: POST https://ondemand.saucelabs.com:443/wd/hub/session/d77e7f8fc9224a09ac3047f4ece717d1/elements - {"using":"id","value":"exampleModalLong"}
RESULT: {"status":0,"sessionId":"d77e7f8fc9224a09ac3047f4ece717d1","value":[{"ELEMENT":"0.943001777718729-2"}]}
COMMAND: GET https://ondemand.saucelabs.com:443/wd/hub/session/d77e7f8fc9224a09ac3047f4ece717d1/element/0.943001777718729-2/displayed - {}
RESULT: {"status":0,"sessionId":"d77e7f8fc9224a09ac3047f4ece717d1","value":true}
COMMAND: POST https://ondemand.saucelabs.com:443/wd/hub/session/d77e7f8fc9224a09ac3047f4ece717d1/element - {"using":"id","value":"exampleModalLong"}
RESULT: {"status":0,"sessionId":"d77e7f8fc9224a09ac3047f4ece717d1","value":{"ELEMENT":"0.943001777718729-2"}}
COMMAND: GET https://ondemand.saucelabs.com:443/wd/hub/session/d77e7f8fc9224a09ac3047f4ece717d1/element/0.943001777718729-2/displayed - {}
RESULT: {"status":0,"sessionId":"d77e7f8fc9224a09ac3047f4ece717d1","value":true}
COMMAND: POST https://ondemand.saucelabs.com:443/wd/hub/session/d77e7f8fc9224a09ac3047f4ece717d1/element - {"using":"css selector","value":"#exampleModalLong .modal-body"}
RESULT: {"status":0,"sessionId":"d77e7f8fc9224a09ac3047f4ece717d1","value":{"ELEMENT":"0.943001777718729-3"}}
COMMAND: GET https://ondemand.saucelabs.com:443/wd/hub/session/d77e7f8fc9224a09ac3047f4ece717d1/element/0.943001777718729-3/text - {}
RESULT: {"status":0,"sessionId":"d77e7f8fc9224a09ac3047f4ece717d1","value":"Hello There"}
]]>
      </system-out>
    </testcase>
    <testcase classname="chrome.latest-4.windows10.failing_JS_test" name="should_close_modal" time="0.907">
      <system-out>
        <![CDATA[
COMMAND: POST https://ondemand.saucelabs.com:443/wd/hub/session/d77e7f8fc9224a09ac3047f4ece717d1/execute - {"script":"sauce:context=failing JS test - should close modal","args":[]}
RESULT: {"status":0,"sessionId":"d77e7f8fc9224a09ac3047f4ece717d1","value":""}
COMMAND: POST https://ondemand.saucelabs.com:443/wd/hub/session/d77e7f8fc9224a09ac3047f4ece717d1/element - {"using":"id","value":"closeit"}
RESULT: {"status":0,"sessionId":"d77e7f8fc9224a09ac3047f4ece717d1","value":{"ELEMENT":"0.943001777718729-4"}}
COMMAND: POST https://ondemand.saucelabs.com:443/wd/hub/session/d77e7f8fc9224a09ac3047f4ece717d1/element/0.943001777718729-4/click - {}
RESULT: {"status":0,"sessionId":"d77e7f8fc9224a09ac3047f4ece717d1","value":null}
COMMAND: POST https://ondemand.saucelabs.com:443/wd/hub/session/d77e7f8fc9224a09ac3047f4ece717d1/element - {"using":"id","value":"closeit"}
RESULT: {"status":0,"sessionId":"d77e7f8fc9224a09ac3047f4ece717d1","value":{"ELEMENT":"0.943001777718729-4"}}
COMMAND: POST https://ondemand.saucelabs.com:443/wd/hub/session/d77e7f8fc9224a09ac3047f4ece717d1/elements - {"using":"id","value":"closeit"}
RESULT: {"status":0,"sessionId":"d77e7f8fc9224a09ac3047f4ece717d1","value":[{"ELEMENT":"0.943001777718729-4"}]}
COMMAND: GET https://ondemand.saucelabs.com:443/wd/hub/session/d77e7f8fc9224a09ac3047f4ece717d1/element/0.943001777718729-4/displayed - {}
RESULT: {"status":0,"sessionId":"d77e7f8fc9224a09ac3047f4ece717d1","value":false}
]]>
      </system-out>
    </testcase>
    <testcase classname="chrome.latest-4.windows10.failing_JS_test" name="wait_15_seconds" time="15.072">
      <system-out>
        <![CDATA[
COMMAND: POST https://ondemand.saucelabs.com:443/wd/hub/session/d77e7f8fc9224a09ac3047f4ece717d1/execute - {"script":"sauce:context=failing JS test - wait 15 seconds","args":[]}
RESULT: {"status":0,"sessionId":"d77e7f8fc9224a09ac3047f4ece717d1","value":""}
COMMAND: DELETE https://ondemand.saucelabs.com:443/wd/hub/session/d77e7f8fc9224a09ac3047f4ece717d1 - {}
RESULT: {"status":0,"sessionId":"d77e7f8fc9224a09ac3047f4ece717d1","value":""}
]]>
      </system-out>
    </testcase>
  </testsuite>
</testsuites>