<?xml version="1.0" encoding="UTF-8"?>
<testsuites>
  <testsuite name="flaky_login_test" timestamp="2018-05-15T21:54:19" time="3.041" tests="1" failures="0" errors="0" skipped="0">
    <properties>
      <property name="specId" value="cd49b32b0ec4a90901953dbc482c95ea"/>
      <property name="suiteName" value="flaky login test"/>
      <property name="capabilities" value="chrome.latest-2.windows10"/>
      <property name="file" value="./test/logintest7.e2e.js"/>
    </properties>
    <testcase classname="chrome.latest-2.windows10.flaky_login_test" name="should_try_to_login" time="1.922">
      <system-out>
        <![CDATA[
COMMAND: POST https://ondemand.saucelabs.com:443/wd/hub/session/6efff0d8ab0c4b1d8b1fdcd76e8db978/execute - {"script":"sauce:context=flaky login test - should try to login","args":[]}
RESULT: {"status":0,"sessionId":"6efff0d8ab0c4b1d8b1fdcd76e8db978","value":""}
COMMAND: POST https://ondemand.saucelabs.com:443/wd/hub/session/6efff0d8ab0c4b1d8b1fdcd76e8db978/element - {"using":"id","value":"username"}
RESULT: {"status":0,"sessionId":"6efff0d8ab0c4b1d8b1fdcd76e8db978","value":{"ELEMENT":"0.0922213563426022-1"}}
COMMAND: POST https://ondemand.saucelabs.com:443/wd/hub/session/6efff0d8ab0c4b1d8b1fdcd76e8db978/element/0.0922213563426022-1/clear - {}
RESULT: {"status":0,"sessionId":"6efff0d8ab0c4b1d8b1fdcd76e8db978","value":null}
COMMAND: POST https://ondemand.saucelabs.com:443/wd/hub/session/6efff0d8ab0c4b1d8b1fdcd76e8db978/element/0.0922213563426022-1/value - {"value":["a","d","m","i","n"],"text":"admin"}
RESULT: {"status":0,"sessionId":"6efff0d8ab0c4b1d8b1fdcd76e8db978","value":null}
COMMAND: POST https://ondemand.saucelabs.com:443/wd/hub/session/6efff0d8ab0c4b1d8b1fdcd76e8db978/element - {"using":"id","value":"password"}
RESULT: {"status":0,"sessionId":"6efff0d8ab0c4b1d8b1fdcd76e8db978","value":{"ELEMENT":"0.0922213563426022-2"}}
COMMAND: POST https://ondemand.saucelabs.com:443/wd/hub/session/6efff0d8ab0c4b1d8b1fdcd76e8db978/element/0.0922213563426022-2/clear - {}
RESULT: {"status":0,"sessionId":"6efff0d8ab0c4b1d8b1fdcd76e8db978","value":null}
COMMAND: POST https://ondemand.saucelabs.com:443/wd/hub/session/6efff0d8ab0c4b1d8b1fdcd76e8db978/element/0.0922213563426022-2/value - {"value":["m","y","s","u","p","e","r","s","e","c","(11 more items)"],"text":"mysupersecretpassword"}
RESULT: {"status":0,"sessionId":"6efff0d8ab0c4b1d8b1fdcd76e8db978","value":null}
COMMAND: POST https://ondemand.saucelabs.com:443/wd/hub/session/6efff0d8ab0c4b1d8b1fdcd76e8db978/element - {"using":"id","value":"login"}
RESULT: {"status":0,"sessionId":"6efff0d8ab0c4b1d8b1fdcd76e8db978","value":{"ELEMENT":"0.0922213563426022-3"}}
COMMAND: POST https://ondemand.saucelabs.com:443/wd/hub/session/6efff0d8ab0c4b1d8b1fdcd76e8db978/element/0.0922213563426022-3/click - {}
RESULT: {"status":0,"sessionId":"6efff0d8ab0c4b1d8b1fdcd76e8db978","value":null}
COMMAND: GET https://ondemand.saucelabs.com:443/wd/hub/session/6efff0d8ab0c4b1d8b1fdcd76e8db978/title - {}
RESULT: {"status":0,"sessionId":"6efff0d8ab0c4b1d8b1fdcd76e8db978","value":"Admin Area"}
COMMAND: DELETE https://ondemand.saucelabs.com:443/wd/hub/session/6efff0d8ab0c4b1d8b1fdcd76e8db978 - {}
RESULT: {"status":0,"sessionId":"6efff0d8ab0c4b1d8b1fdcd76e8db978","value":""}
]]>
      </system-out>
    </testcase>
  </testsuite>
</testsuites>